"D:/Projects/Unreal Engine/Middle UE4 Course/Blueprints/Friends/Content/ThirdPersonBP/Characters/Sophie/HumanActionStates.uasset" 0
"D:/Projects/Unreal Engine/Middle UE4 Course/Blueprints/Friends/Content/ThirdPersonBP/Characters/Sophie/HumanActionStates.uexp" 1
"D:/Projects/Unreal Engine/Middle UE4 Course/Blueprints/Friends/Content/ThirdPersonBP/Characters/TypesOfInteractables.uasset" 2
"D:/Projects/Unreal Engine/Middle UE4 Course/Blueprints/Friends/Content/ThirdPersonBP/Characters/TypesOfInteractables.uexp" 3
"D:/Projects/Unreal Engine/Middle UE4 Course/Blueprints/Friends/Content/ThirdPersonBP/Characters/Interactable.uasset" 4
"D:/Projects/Unreal Engine/Middle UE4 Course/Blueprints/Friends/Content/ThirdPersonBP/Characters/Interactable.uexp" 5
"D:/Projects/Unreal Engine/Middle UE4 Course/Blueprints/Friends/Content/ThirdPersonBP/Characters/AI/Tasks/POI.uasset" 6
"D:/Projects/Unreal Engine/Middle UE4 Course/Blueprints/Friends/Content/ThirdPersonBP/Characters/AI/Tasks/POI.uexp" 7
"D:/Projects/Unreal Engine/Middle UE4 Course/Blueprints/Friends/Content/ThirdPersonBP/Interfaces/CreatureInteractBPI.uasset" 8
"D:/Projects/Unreal Engine/Middle UE4 Course/Blueprints/Friends/Content/ThirdPersonBP/Interfaces/CreatureInteractBPI.uexp" 9
"D:/Projects/Unreal Engine/Middle UE4 Course/Blueprints/Friends/Content/ThirdPersonBP/Food/FoodInfo.uasset" 10
"D:/Projects/Unreal Engine/Middle UE4 Course/Blueprints/Friends/Content/ThirdPersonBP/Food/FoodInfo.uexp" 11
"../../../Engine/Content/EngineMaterials/T_Default_Material_Grid_N.uasset" 12
"../../../Engine/Content/EngineMaterials/T_Default_Material_Grid_N.uexp" 13
"../../../Engine/Content/EngineMaterials/T_Default_Material_Grid_N.ubulk" 14
"../../../Engine/Content/EngineMaterials/T_Default_Material_Grid_M.uasset" 15
"../../../Engine/Content/EngineMaterials/T_Default_Material_Grid_M.uexp" 16
"../../../Engine/Content/EngineMaterials/T_Default_Material_Grid_M.ubulk" 17
"../../../Engine/Content/Functions/Engine_MaterialFunctions01/Opacity/CameraDepthFade.uasset" 18
"../../../Engine/Content/Functions/Engine_MaterialFunctions01/Opacity/CameraDepthFade.uexp" 19
"../../../Engine/Content/EngineMaterials/DefaultMaterial.uasset" 20
"../../../Engine/Content/EngineMaterials/DefaultMaterial.uexp" 21
"../../../Engine/Content/BasicShapes/Sphere.uasset" 22
"../../../Engine/Content/BasicShapes/Sphere.uexp" 23
"D:/Projects/Unreal Engine/Middle UE4 Course/Blueprints/Friends/Content/ThirdPersonBP/Food/Materials/FoodMM.uasset" 24
"D:/Projects/Unreal Engine/Middle UE4 Course/Blueprints/Friends/Content/ThirdPersonBP/Food/Materials/FoodMM.uexp" 25
"../../../Engine/Content/EditorBlueprintResources/StandardMacros.uasset" 26
"../../../Engine/Content/EditorBlueprintResources/StandardMacros.uexp" 27
"../../../Engine/Content/EditorBlueprintResources/ActorMacros.uasset" 28
"../../../Engine/Content/EditorBlueprintResources/ActorMacros.uexp" 29
"D:/Projects/Unreal Engine/Middle UE4 Course/Blueprints/Friends/Content/ThirdPersonBP/Interfaces/EnergyExchangeBPI.uasset" 30
"D:/Projects/Unreal Engine/Middle UE4 Course/Blueprints/Friends/Content/ThirdPersonBP/Interfaces/EnergyExchangeBPI.uexp" 31
"D:/Projects/Unreal Engine/Middle UE4 Course/Blueprints/Friends/Content/ThirdPersonBP/Characters/God/GodAIController.uasset" 32
"D:/Projects/Unreal Engine/Middle UE4 Course/Blueprints/Friends/Content/ThirdPersonBP/Characters/God/GodAIController.uexp" 33
"D:/Projects/Unreal Engine/Middle UE4 Course/Blueprints/Friends/Content/ThirdPersonBP/Characters/God/God.uasset" 34
"D:/Projects/Unreal Engine/Middle UE4 Course/Blueprints/Friends/Content/ThirdPersonBP/Characters/God/God.uexp" 35
"D:/Projects/Unreal Engine/Middle UE4 Course/Blueprints/Friends/Content/ThirdPersonBP/Characters/AI/Senses/AISense_Smell.uasset" 36
"D:/Projects/Unreal Engine/Middle UE4 Course/Blueprints/Friends/Content/ThirdPersonBP/Characters/AI/Senses/AISense_Smell.uexp" 37
"D:/Projects/Unreal Engine/Middle UE4 Course/Blueprints/Friends/Content/ThirdPersonBP/Food/Food.uasset" 38
"D:/Projects/Unreal Engine/Middle UE4 Course/Blueprints/Friends/Content/ThirdPersonBP/Food/Food.uexp" 39
"D:/Projects/Unreal Engine/Middle UE4 Course/Blueprints/Friends/Content/ThirdPersonBP/Characters/Sophie/Human.uasset" 40
"D:/Projects/Unreal Engine/Middle UE4 Course/Blueprints/Friends/Content/ThirdPersonBP/Characters/Sophie/Human.uexp" 41
"D:/Projects/Unreal Engine/Middle UE4 Course/Blueprints/Friends/Content/ThirdPersonBP/Blueprints/FriendsGame/ChosenCharacter.uasset" 42
"D:/Projects/Unreal Engine/Middle UE4 Course/Blueprints/Friends/Content/ThirdPersonBP/Blueprints/FriendsGame/ChosenCharacter.uexp" 43
"D:/Projects/Unreal Engine/Middle UE4 Course/Blueprints/Friends/Content/ThirdPersonBP/Blueprints/FriendsGame/FriendsGameInstance.uasset" 44
"D:/Projects/Unreal Engine/Middle UE4 Course/Blueprints/Friends/Content/ThirdPersonBP/Blueprints/FriendsGame/FriendsGameInstance.uexp" 45
"D:/Projects/Unreal Engine/Middle UE4 Course/Blueprints/Friends/Content/ThirdPersonBP/Blueprints/Matchmaking/MatchMakingPlayerController.uasset" 46
"D:/Projects/Unreal Engine/Middle UE4 Course/Blueprints/Friends/Content/ThirdPersonBP/Blueprints/Matchmaking/MatchMakingPlayerController.uexp" 47
"D:/Projects/Unreal Engine/Middle UE4 Course/Blueprints/Friends/Content/ThirdPersonBP/Widgets/Icons/girl.uasset" 48
"D:/Projects/Unreal Engine/Middle UE4 Course/Blueprints/Friends/Content/ThirdPersonBP/Widgets/Icons/girl.uexp" 49
"D:/Projects/Unreal Engine/Middle UE4 Course/Blueprints/Friends/Content/ThirdPersonBP/Widgets/Icons/girl.ubulk" 50
"D:/Projects/Unreal Engine/Middle UE4 Course/Blueprints/Friends/Content/ThirdPersonBP/Widgets/Icons/friends.uasset" 51
"D:/Projects/Unreal Engine/Middle UE4 Course/Blueprints/Friends/Content/ThirdPersonBP/Widgets/Icons/friends.uexp" 52
"D:/Projects/Unreal Engine/Middle UE4 Course/Blueprints/Friends/Content/ThirdPersonBP/Widgets/Icons/friends.ubulk" 53
"D:/Projects/Unreal Engine/Middle UE4 Course/Blueprints/Friends/Content/ThirdPersonBP/Widgets/Icons/cat.uasset" 54
"D:/Projects/Unreal Engine/Middle UE4 Course/Blueprints/Friends/Content/ThirdPersonBP/Widgets/Icons/cat.uexp" 55
"D:/Projects/Unreal Engine/Middle UE4 Course/Blueprints/Friends/Content/ThirdPersonBP/Widgets/Icons/cat.ubulk" 56
"D:/Projects/Unreal Engine/Middle UE4 Course/Blueprints/Friends/Content/ThirdPersonBP/Widgets/MatchmakingLobby.uasset" 57
"D:/Projects/Unreal Engine/Middle UE4 Course/Blueprints/Friends/Content/ThirdPersonBP/Widgets/MatchmakingLobby.uexp" 58
"D:/Projects/Unreal Engine/Middle UE4 Course/Blueprints/Friends/Content/ThirdPersonBP/Widgets/SpectatorHUD.uasset" 59
"D:/Projects/Unreal Engine/Middle UE4 Course/Blueprints/Friends/Content/ThirdPersonBP/Widgets/SpectatorHUD.uexp" 60
"D:/Projects/Unreal Engine/Middle UE4 Course/Blueprints/Friends/Content/ThirdPersonBP/Widgets/InteractableObject.uasset" 61
"D:/Projects/Unreal Engine/Middle UE4 Course/Blueprints/Friends/Content/ThirdPersonBP/Widgets/InteractableObject.uexp" 62
"D:/Projects/Unreal Engine/Middle UE4 Course/Blueprints/Friends/Content/ThirdPersonBP/Widgets/ListItemWidget.uasset" 63
"D:/Projects/Unreal Engine/Middle UE4 Course/Blueprints/Friends/Content/ThirdPersonBP/Widgets/ListItemWidget.uexp" 64
"D:/Projects/Unreal Engine/Middle UE4 Course/Blueprints/Friends/Content/ThirdPersonBP/Widgets/InteractHUD.uasset" 65
"D:/Projects/Unreal Engine/Middle UE4 Course/Blueprints/Friends/Content/ThirdPersonBP/Widgets/InteractHUD.uexp" 66
"D:/Projects/Unreal Engine/Middle UE4 Course/Blueprints/Friends/Content/ThirdPersonBP/Widgets/EndGame.uasset" 67
"D:/Projects/Unreal Engine/Middle UE4 Course/Blueprints/Friends/Content/ThirdPersonBP/Widgets/EndGame.uexp" 68
"D:/Projects/Unreal Engine/Middle UE4 Course/Blueprints/Friends/Content/ThirdPersonBP/Characters/CreaturePlayerController.uasset" 69
"D:/Projects/Unreal Engine/Middle UE4 Course/Blueprints/Friends/Content/ThirdPersonBP/Characters/CreaturePlayerController.uexp" 70
"D:/Projects/Unreal Engine/Middle UE4 Course/Blueprints/Friends/Content/ThirdPersonBP/Widgets/HealthBar.uasset" 71
"D:/Projects/Unreal Engine/Middle UE4 Course/Blueprints/Friends/Content/ThirdPersonBP/Widgets/HealthBar.uexp" 72
"D:/Projects/Unreal Engine/Middle UE4 Course/Blueprints/Friends/Content/ThirdPersonBP/Characters/CreatureState.uasset" 73
"D:/Projects/Unreal Engine/Middle UE4 Course/Blueprints/Friends/Content/ThirdPersonBP/Characters/CreatureState.uexp" 74
"D:/Projects/Unreal Engine/Middle UE4 Course/Blueprints/Friends/Content/ThirdPersonBP/Characters/Sophie/Mesh/SophieMesh.uasset" 75
"D:/Projects/Unreal Engine/Middle UE4 Course/Blueprints/Friends/Content/ThirdPersonBP/Characters/Sophie/Mesh/SophieMesh.uexp" 76
"D:/Projects/Unreal Engine/Middle UE4 Course/Blueprints/Friends/Content/ThirdPersonBP/Characters/Sophie/Mesh/Ch02_1002_Normal.uasset" 77
"D:/Projects/Unreal Engine/Middle UE4 Course/Blueprints/Friends/Content/ThirdPersonBP/Characters/Sophie/Mesh/Ch02_1002_Normal.uexp" 78
"D:/Projects/Unreal Engine/Middle UE4 Course/Blueprints/Friends/Content/ThirdPersonBP/Characters/Sophie/Mesh/Ch02_1002_Normal.ubulk" 79
"D:/Projects/Unreal Engine/Middle UE4 Course/Blueprints/Friends/Content/ThirdPersonBP/Characters/Sophie/Mesh/Ch02_1002_Diffuse.uasset" 80
"D:/Projects/Unreal Engine/Middle UE4 Course/Blueprints/Friends/Content/ThirdPersonBP/Characters/Sophie/Mesh/Ch02_1002_Diffuse.uexp" 81
"D:/Projects/Unreal Engine/Middle UE4 Course/Blueprints/Friends/Content/ThirdPersonBP/Characters/Sophie/Mesh/Ch02_1002_Diffuse.ubulk" 82
"D:/Projects/Unreal Engine/Middle UE4 Course/Blueprints/Friends/Content/ThirdPersonBP/Characters/Sophie/Mesh/Ch02_hair.uasset" 83
"D:/Projects/Unreal Engine/Middle UE4 Course/Blueprints/Friends/Content/ThirdPersonBP/Characters/Sophie/Mesh/Ch02_hair.uexp" 84
"D:/Projects/Unreal Engine/Middle UE4 Course/Blueprints/Friends/Content/ThirdPersonBP/Characters/Sophie/Mesh/Ch02_1001_Specular.uasset" 85
"D:/Projects/Unreal Engine/Middle UE4 Course/Blueprints/Friends/Content/ThirdPersonBP/Characters/Sophie/Mesh/Ch02_1001_Specular.uexp" 86
"D:/Projects/Unreal Engine/Middle UE4 Course/Blueprints/Friends/Content/ThirdPersonBP/Characters/Sophie/Mesh/Ch02_1001_Specular.ubulk" 87
"D:/Projects/Unreal Engine/Middle UE4 Course/Blueprints/Friends/Content/ThirdPersonBP/Characters/Sophie/Mesh/Ch02_1001_Normal.uasset" 88
"D:/Projects/Unreal Engine/Middle UE4 Course/Blueprints/Friends/Content/ThirdPersonBP/Characters/Sophie/Mesh/Ch02_1001_Normal.uexp" 89
"D:/Projects/Unreal Engine/Middle UE4 Course/Blueprints/Friends/Content/ThirdPersonBP/Characters/Sophie/Mesh/Ch02_1001_Normal.ubulk" 90
"D:/Projects/Unreal Engine/Middle UE4 Course/Blueprints/Friends/Content/ThirdPersonBP/Characters/Sophie/Mesh/Ch02_1001_Glossiness.uasset" 91
"D:/Projects/Unreal Engine/Middle UE4 Course/Blueprints/Friends/Content/ThirdPersonBP/Characters/Sophie/Mesh/Ch02_1001_Glossiness.uexp" 92
"D:/Projects/Unreal Engine/Middle UE4 Course/Blueprints/Friends/Content/ThirdPersonBP/Characters/Sophie/Mesh/Ch02_1001_Glossiness.ubulk" 93
"D:/Projects/Unreal Engine/Middle UE4 Course/Blueprints/Friends/Content/ThirdPersonBP/Characters/Sophie/Mesh/Ch02_1001_Diffuse.uasset" 94
"D:/Projects/Unreal Engine/Middle UE4 Course/Blueprints/Friends/Content/ThirdPersonBP/Characters/Sophie/Mesh/Ch02_1001_Diffuse.uexp" 95
"D:/Projects/Unreal Engine/Middle UE4 Course/Blueprints/Friends/Content/ThirdPersonBP/Characters/Sophie/Mesh/Ch02_1001_Diffuse.ubulk" 96
"D:/Projects/Unreal Engine/Middle UE4 Course/Blueprints/Friends/Content/ThirdPersonBP/Characters/Sophie/Mesh/Ch02_body.uasset" 97
"D:/Projects/Unreal Engine/Middle UE4 Course/Blueprints/Friends/Content/ThirdPersonBP/Characters/Sophie/Mesh/Ch02_body.uexp" 98
"../../../Engine/Content/EngineMeshes/Humanoid.uasset" 99
"../../../Engine/Content/EngineMeshes/Humanoid.uexp" 100
"D:/Projects/Unreal Engine/Middle UE4 Course/Blueprints/Friends/Content/ThirdPersonBP/Characters/Sophie/Mesh/MixamoSkeleton.uasset" 101
"D:/Projects/Unreal Engine/Middle UE4 Course/Blueprints/Friends/Content/ThirdPersonBP/Characters/Sophie/Mesh/MixamoSkeleton.uexp" 102
"D:/Projects/Unreal Engine/Middle UE4 Course/Blueprints/Friends/Content/ThirdPersonBP/Characters/Sophie/Mesh/Sophie.uasset" 103
"D:/Projects/Unreal Engine/Middle UE4 Course/Blueprints/Friends/Content/ThirdPersonBP/Characters/Sophie/Mesh/Sophie.uexp" 104
"D:/Projects/Unreal Engine/Middle UE4 Course/Blueprints/Friends/Content/ThirdPersonBP/Characters/AI/Senses/AISmellConfig.uasset" 105
"D:/Projects/Unreal Engine/Middle UE4 Course/Blueprints/Friends/Content/ThirdPersonBP/Characters/AI/Senses/AISmellConfig.uexp" 106
"D:/Projects/Unreal Engine/Middle UE4 Course/Blueprints/Friends/Content/ThirdPersonBP/Characters/AI/Tasks/AICreatureActions.uasset" 107
"D:/Projects/Unreal Engine/Middle UE4 Course/Blueprints/Friends/Content/ThirdPersonBP/Characters/AI/Tasks/AICreatureActions.uexp" 108
"D:/Projects/Unreal Engine/Middle UE4 Course/Blueprints/Friends/Content/ThirdPersonBP/Characters/AI/Tasks/WhoDoWhat.uasset" 109
"D:/Projects/Unreal Engine/Middle UE4 Course/Blueprints/Friends/Content/ThirdPersonBP/Characters/AI/Tasks/WhoDoWhat.uexp" 110
"D:/Projects/Unreal Engine/Middle UE4 Course/Blueprints/Friends/Content/ThirdPersonBP/Characters/AI/Services/Interaction.uasset" 111
"D:/Projects/Unreal Engine/Middle UE4 Course/Blueprints/Friends/Content/ThirdPersonBP/Characters/AI/Services/Interaction.uexp" 112
"D:/Projects/Unreal Engine/Middle UE4 Course/Blueprints/Friends/Content/ThirdPersonBP/Characters/Actions.uasset" 113
"D:/Projects/Unreal Engine/Middle UE4 Course/Blueprints/Friends/Content/ThirdPersonBP/Characters/Actions.uexp" 114
"D:/Projects/Unreal Engine/Middle UE4 Course/Blueprints/Friends/Content/ThirdPersonBP/Characters/AI/CreatureBB.uasset" 115
"D:/Projects/Unreal Engine/Middle UE4 Course/Blueprints/Friends/Content/ThirdPersonBP/Characters/AI/CreatureBB.uexp" 116
"D:/Projects/Unreal Engine/Middle UE4 Course/Blueprints/Friends/Content/ThirdPersonBP/Characters/AI/Tasks/FindRandomPlace.uasset" 117
"D:/Projects/Unreal Engine/Middle UE4 Course/Blueprints/Friends/Content/ThirdPersonBP/Characters/AI/Tasks/FindRandomPlace.uexp" 118
"D:/Projects/Unreal Engine/Middle UE4 Course/Blueprints/Friends/Content/ThirdPersonBP/Characters/AI/Tasks/ClearBBKey.uasset" 119
"D:/Projects/Unreal Engine/Middle UE4 Course/Blueprints/Friends/Content/ThirdPersonBP/Characters/AI/Tasks/ClearBBKey.uexp" 120
"D:/Projects/Unreal Engine/Middle UE4 Course/Blueprints/Friends/Content/ThirdPersonBP/Characters/AI/Tasks/ChoosePOI.uasset" 121
"D:/Projects/Unreal Engine/Middle UE4 Course/Blueprints/Friends/Content/ThirdPersonBP/Characters/AI/Tasks/ChoosePOI.uexp" 122
"D:/Projects/Unreal Engine/Middle UE4 Course/Blueprints/Friends/Content/ThirdPersonBP/Characters/AI/Tasks/ChooseAction.uasset" 123
"D:/Projects/Unreal Engine/Middle UE4 Course/Blueprints/Friends/Content/ThirdPersonBP/Characters/AI/Tasks/ChooseAction.uexp" 124
"D:/Projects/Unreal Engine/Middle UE4 Course/Blueprints/Friends/Content/ThirdPersonBP/Characters/AI/Tasks/AssessFeelings.uasset" 125
"D:/Projects/Unreal Engine/Middle UE4 Course/Blueprints/Friends/Content/ThirdPersonBP/Characters/AI/Tasks/AssessFeelings.uexp" 126
"D:/Projects/Unreal Engine/Middle UE4 Course/Blueprints/Friends/Content/ThirdPersonBP/Characters/AI/Tasks/AssessCreatureState.uasset" 127
"D:/Projects/Unreal Engine/Middle UE4 Course/Blueprints/Friends/Content/ThirdPersonBP/Characters/AI/Tasks/AssessCreatureState.uexp" 128
"D:/Projects/Unreal Engine/Middle UE4 Course/Blueprints/Friends/Content/ThirdPersonBP/Characters/AI/Questions/IsTrue.uasset" 129
"D:/Projects/Unreal Engine/Middle UE4 Course/Blueprints/Friends/Content/ThirdPersonBP/Characters/AI/Questions/IsTrue.uexp" 130
"D:/Projects/Unreal Engine/Middle UE4 Course/Blueprints/Friends/Content/ThirdPersonBP/Characters/AI/EQS/OtherCharacter.uasset" 131
"D:/Projects/Unreal Engine/Middle UE4 Course/Blueprints/Friends/Content/ThirdPersonBP/Characters/AI/EQS/OtherCharacter.uexp" 132
"D:/Projects/Unreal Engine/Middle UE4 Course/Blueprints/Friends/Content/ThirdPersonBP/Characters/AI/EQS/Food.uasset" 133
"D:/Projects/Unreal Engine/Middle UE4 Course/Blueprints/Friends/Content/ThirdPersonBP/Characters/AI/EQS/Food.uexp" 134
"D:/Projects/Unreal Engine/Middle UE4 Course/Blueprints/Friends/Content/ThirdPersonBP/Characters/AI/EQS/FindHidingPlace.uasset" 135
"D:/Projects/Unreal Engine/Middle UE4 Course/Blueprints/Friends/Content/ThirdPersonBP/Characters/AI/EQS/FindHidingPlace.uexp" 136
"D:/Projects/Unreal Engine/Middle UE4 Course/Blueprints/Friends/Content/ThirdPersonBP/Characters/AI/EQS/FindHuman2.uasset" 137
"D:/Projects/Unreal Engine/Middle UE4 Course/Blueprints/Friends/Content/ThirdPersonBP/Characters/AI/EQS/FindHuman2.uexp" 138
"D:/Projects/Unreal Engine/Middle UE4 Course/Blueprints/Friends/Content/ThirdPersonBP/Characters/AI/EQS/FindCat.uasset" 139
"D:/Projects/Unreal Engine/Middle UE4 Course/Blueprints/Friends/Content/ThirdPersonBP/Characters/AI/EQS/FindCat.uexp" 140
"D:/Projects/Unreal Engine/Middle UE4 Course/Blueprints/Friends/Content/ThirdPersonBP/Characters/AI/CreatureBT.uasset" 141
"D:/Projects/Unreal Engine/Middle UE4 Course/Blueprints/Friends/Content/ThirdPersonBP/Characters/AI/CreatureBT.uexp" 142
"D:/Projects/Unreal Engine/Middle UE4 Course/Blueprints/Friends/Content/ThirdPersonBP/Characters/AI/CreatureAIController.uasset" 143
"D:/Projects/Unreal Engine/Middle UE4 Course/Blueprints/Friends/Content/ThirdPersonBP/Characters/AI/CreatureAIController.uexp" 144
"../../../Engine/Content/Animation/DefaultAnimCurveCompressionSettings.uasset" 145
"../../../Engine/Content/Animation/DefaultAnimCurveCompressionSettings.uexp" 146
"../../../Engine/Content/Animation/DefaultAnimBoneCompressionSettings.uasset" 147
"../../../Engine/Content/Animation/DefaultAnimBoneCompressionSettings.uexp" 148
"D:/Projects/Unreal Engine/Middle UE4 Course/Blueprints/Friends/Content/ThirdPersonBP/Characters/Sophie/Animations/idle.uasset" 149
"D:/Projects/Unreal Engine/Middle UE4 Course/Blueprints/Friends/Content/ThirdPersonBP/Characters/Sophie/Animations/idle.uexp" 150
"D:/Projects/Unreal Engine/Middle UE4 Course/Blueprints/Friends/Content/ThirdPersonBP/Characters/Sophie/Animations/Retargeted/ThirdPersonJump_Start.uasset" 151
"D:/Projects/Unreal Engine/Middle UE4 Course/Blueprints/Friends/Content/ThirdPersonBP/Characters/Sophie/Animations/Retargeted/ThirdPersonJump_Start.uexp" 152
"D:/Projects/Unreal Engine/Middle UE4 Course/Blueprints/Friends/Content/ThirdPersonBP/Characters/Sophie/Animations/Retargeted/ThirdPersonJump_Loop.uasset" 153
"D:/Projects/Unreal Engine/Middle UE4 Course/Blueprints/Friends/Content/ThirdPersonBP/Characters/Sophie/Animations/Retargeted/ThirdPersonJump_Loop.uexp" 154
"D:/Projects/Unreal Engine/Middle UE4 Course/Blueprints/Friends/Content/ThirdPersonBP/Characters/Sophie/Animations/Retargeted/ThirdPersonJump_End.uasset" 155
"D:/Projects/Unreal Engine/Middle UE4 Course/Blueprints/Friends/Content/ThirdPersonBP/Characters/Sophie/Animations/Retargeted/ThirdPersonJump_End.uexp" 156
"D:/Projects/Unreal Engine/Middle UE4 Course/Blueprints/Friends/Content/ThirdPersonBP/Characters/Sophie/Animations/Shake_Fist.uasset" 157
"D:/Projects/Unreal Engine/Middle UE4 Course/Blueprints/Friends/Content/ThirdPersonBP/Characters/Sophie/Animations/Shake_Fist.uexp" 158
"D:/Projects/Unreal Engine/Middle UE4 Course/Blueprints/Friends/Content/ThirdPersonBP/Characters/Sophie/Animations/Putting_Down.uasset" 159
"D:/Projects/Unreal Engine/Middle UE4 Course/Blueprints/Friends/Content/ThirdPersonBP/Characters/Sophie/Animations/Putting_Down.uexp" 160
"D:/Projects/Unreal Engine/Middle UE4 Course/Blueprints/Friends/Content/ThirdPersonBP/Characters/Sophie/Animations/Petting_Animal.uasset" 161
"D:/Projects/Unreal Engine/Middle UE4 Course/Blueprints/Friends/Content/ThirdPersonBP/Characters/Sophie/Animations/Petting_Animal.uexp" 162
"D:/Projects/Unreal Engine/Middle UE4 Course/Blueprints/Friends/Content/ThirdPersonBP/Characters/Sophie/Animations/Lifting.uasset" 163
"D:/Projects/Unreal Engine/Middle UE4 Course/Blueprints/Friends/Content/ThirdPersonBP/Characters/Sophie/Animations/Lifting.uexp" 164
"D:/Projects/Unreal Engine/Middle UE4 Course/Blueprints/Friends/Content/ThirdPersonBP/Characters/Sophie/Animations/jump.uasset" 165
"D:/Projects/Unreal Engine/Middle UE4 Course/Blueprints/Friends/Content/ThirdPersonBP/Characters/Sophie/Animations/jump.uexp" 166
"D:/Projects/Unreal Engine/Middle UE4 Course/Blueprints/Friends/Content/ThirdPersonBP/Characters/Sophie/Animations/Standard_Walk.uasset" 167
"D:/Projects/Unreal Engine/Middle UE4 Course/Blueprints/Friends/Content/ThirdPersonBP/Characters/Sophie/Animations/Standard_Walk.uexp" 168
"D:/Projects/Unreal Engine/Middle UE4 Course/Blueprints/Friends/Content/ThirdPersonBP/Characters/Sophie/Animations/Sad_Walk.uasset" 169
"D:/Projects/Unreal Engine/Middle UE4 Course/Blueprints/Friends/Content/ThirdPersonBP/Characters/Sophie/Animations/Sad_Walk.uexp" 170
"D:/Projects/Unreal Engine/Middle UE4 Course/Blueprints/Friends/Content/ThirdPersonBP/Characters/Sophie/Animations/Sad_Run.uasset" 171
"D:/Projects/Unreal Engine/Middle UE4 Course/Blueprints/Friends/Content/ThirdPersonBP/Characters/Sophie/Animations/Sad_Run.uexp" 172
"D:/Projects/Unreal Engine/Middle UE4 Course/Blueprints/Friends/Content/ThirdPersonBP/Characters/Sophie/Animations/Sad_Idle.uasset" 173
"D:/Projects/Unreal Engine/Middle UE4 Course/Blueprints/Friends/Content/ThirdPersonBP/Characters/Sophie/Animations/Sad_Idle.uexp" 174
"D:/Projects/Unreal Engine/Middle UE4 Course/Blueprints/Friends/Content/ThirdPersonBP/Characters/Sophie/Animations/Happy_Run.uasset" 175
"D:/Projects/Unreal Engine/Middle UE4 Course/Blueprints/Friends/Content/ThirdPersonBP/Characters/Sophie/Animations/Happy_Run.uexp" 176
"D:/Projects/Unreal Engine/Middle UE4 Course/Blueprints/Friends/Content/ThirdPersonBP/Characters/Sophie/Animations/running.uasset" 177
"D:/Projects/Unreal Engine/Middle UE4 Course/Blueprints/Friends/Content/ThirdPersonBP/Characters/Sophie/Animations/running.uexp" 178
"D:/Projects/Unreal Engine/Middle UE4 Course/Blueprints/Friends/Content/ThirdPersonBP/Characters/Sophie/Animations/Happy_Walking.uasset" 179
"D:/Projects/Unreal Engine/Middle UE4 Course/Blueprints/Friends/Content/ThirdPersonBP/Characters/Sophie/Animations/Happy_Walking.uexp" 180
"D:/Projects/Unreal Engine/Middle UE4 Course/Blueprints/Friends/Content/ThirdPersonBP/Characters/Sophie/Animations/Happy.uasset" 181
"D:/Projects/Unreal Engine/Middle UE4 Course/Blueprints/Friends/Content/ThirdPersonBP/Characters/Sophie/Animations/Happy.uexp" 182
"D:/Projects/Unreal Engine/Middle UE4 Course/Blueprints/Friends/Content/ThirdPersonBP/Characters/Sophie/Animations/Idle_walk_run.uasset" 183
"D:/Projects/Unreal Engine/Middle UE4 Course/Blueprints/Friends/Content/ThirdPersonBP/Characters/Sophie/Animations/Idle_walk_run.uexp" 184
"D:/Projects/Unreal Engine/Middle UE4 Course/Blueprints/Friends/Content/ThirdPersonBP/Characters/Sophie/Animations/IdleAnimBS.uasset" 185
"D:/Projects/Unreal Engine/Middle UE4 Course/Blueprints/Friends/Content/ThirdPersonBP/Characters/Sophie/Animations/IdleAnimBS.uexp" 186
"D:/Projects/Unreal Engine/Middle UE4 Course/Blueprints/Friends/Content/ThirdPersonBP/Characters/Sophie/Animations/Drinking.uasset" 187
"D:/Projects/Unreal Engine/Middle UE4 Course/Blueprints/Friends/Content/ThirdPersonBP/Characters/Sophie/Animations/Drinking.uexp" 188
"D:/Projects/Unreal Engine/Middle UE4 Course/Blueprints/Friends/Content/ThirdPersonBP/Characters/ActionStates.uasset" 189
"D:/Projects/Unreal Engine/Middle UE4 Course/Blueprints/Friends/Content/ThirdPersonBP/Characters/ActionStates.uexp" 190
"D:/Projects/Unreal Engine/Middle UE4 Course/Blueprints/Friends/Content/ThirdPersonBP/Characters/Sophie/Animations/SophieAnimBP.uasset" 191
"D:/Projects/Unreal Engine/Middle UE4 Course/Blueprints/Friends/Content/ThirdPersonBP/Characters/Sophie/Animations/SophieAnimBP.uexp" 192
"D:/Projects/Unreal Engine/Middle UE4 Course/Blueprints/Friends/Content/ThirdPersonBP/Characters/Creature.uasset" 193
"D:/Projects/Unreal Engine/Middle UE4 Course/Blueprints/Friends/Content/ThirdPersonBP/Characters/Creature.uexp" 194
"D:/Projects/Unreal Engine/Middle UE4 Course/Blueprints/Friends/Content/ThirdPersonBP/Characters/Cat/Meshes/Skeleton_Cat.uasset" 195
"D:/Projects/Unreal Engine/Middle UE4 Course/Blueprints/Friends/Content/ThirdPersonBP/Characters/Cat/Meshes/Skeleton_Cat.uexp" 196
"D:/Projects/Unreal Engine/Middle UE4 Course/Blueprints/Friends/Content/ThirdPersonBP/Characters/Cat/Textures/PolyArt_Cats_Spec.uasset" 197
"D:/Projects/Unreal Engine/Middle UE4 Course/Blueprints/Friends/Content/ThirdPersonBP/Characters/Cat/Textures/PolyArt_Cats_Spec.uexp" 198
"D:/Projects/Unreal Engine/Middle UE4 Course/Blueprints/Friends/Content/ThirdPersonBP/Characters/Cat/Textures/PolyArt_Cats_Spec.ubulk" 199
"D:/Projects/Unreal Engine/Middle UE4 Course/Blueprints/Friends/Content/ThirdPersonBP/Characters/Cat/Textures/PolyArt_Cats_Normal.uasset" 200
"D:/Projects/Unreal Engine/Middle UE4 Course/Blueprints/Friends/Content/ThirdPersonBP/Characters/Cat/Textures/PolyArt_Cats_Normal.uexp" 201
"D:/Projects/Unreal Engine/Middle UE4 Course/Blueprints/Friends/Content/ThirdPersonBP/Characters/Cat/Textures/PolyArt_Cats_Normal.ubulk" 202
"D:/Projects/Unreal Engine/Middle UE4 Course/Blueprints/Friends/Content/ThirdPersonBP/Characters/Cat/Textures/PolyArt_Cats_color.uasset" 203
"D:/Projects/Unreal Engine/Middle UE4 Course/Blueprints/Friends/Content/ThirdPersonBP/Characters/Cat/Textures/PolyArt_Cats_color.uexp" 204
"D:/Projects/Unreal Engine/Middle UE4 Course/Blueprints/Friends/Content/ThirdPersonBP/Characters/Cat/Textures/PolyArt_Cats_color.ubulk" 205
"D:/Projects/Unreal Engine/Middle UE4 Course/Blueprints/Friends/Content/ThirdPersonBP/Characters/Cat/Materials/M_LowPoly_Cat_2.uasset" 206
"D:/Projects/Unreal Engine/Middle UE4 Course/Blueprints/Friends/Content/ThirdPersonBP/Characters/Cat/Materials/M_LowPoly_Cat_2.uexp" 207
"D:/Projects/Unreal Engine/Middle UE4 Course/Blueprints/Friends/Content/ThirdPersonBP/Characters/Cat/Meshes/Mesh_Cat_Red_White.uasset" 208
"D:/Projects/Unreal Engine/Middle UE4 Course/Blueprints/Friends/Content/ThirdPersonBP/Characters/Cat/Meshes/Mesh_Cat_Red_White.uexp" 209
"D:/Projects/Unreal Engine/Middle UE4 Course/Blueprints/Friends/Content/ThirdPersonBP/Characters/Cat/CatActionStates.uasset" 210
"D:/Projects/Unreal Engine/Middle UE4 Course/Blueprints/Friends/Content/ThirdPersonBP/Characters/Cat/CatActionStates.uexp" 211
"D:/Projects/Unreal Engine/Middle UE4 Course/Blueprints/Friends/Content/ThirdPersonBP/Characters/Cat/Animations/Anim_Cat_Idle_4.uasset" 212
"D:/Projects/Unreal Engine/Middle UE4 Course/Blueprints/Friends/Content/ThirdPersonBP/Characters/Cat/Animations/Anim_Cat_Idle_4.uexp" 213
"D:/Projects/Unreal Engine/Middle UE4 Course/Blueprints/Friends/Content/ThirdPersonBP/Characters/Cat/Animations/Anim_Cat_Idle_1.uasset" 214
"D:/Projects/Unreal Engine/Middle UE4 Course/Blueprints/Friends/Content/ThirdPersonBP/Characters/Cat/Animations/Anim_Cat_Idle_1.uexp" 215
"D:/Projects/Unreal Engine/Middle UE4 Course/Blueprints/Friends/Content/ThirdPersonBP/Characters/Cat/Sounds/wav/Cat_Purr_03.uasset" 216
"D:/Projects/Unreal Engine/Middle UE4 Course/Blueprints/Friends/Content/ThirdPersonBP/Characters/Cat/Sounds/wav/Cat_Purr_03.uexp" 217
"D:/Projects/Unreal Engine/Middle UE4 Course/Blueprints/Friends/Content/ThirdPersonBP/Characters/Cat/Animations/Anim_Cat_Caress_idle.uasset" 218
"D:/Projects/Unreal Engine/Middle UE4 Course/Blueprints/Friends/Content/ThirdPersonBP/Characters/Cat/Animations/Anim_Cat_Caress_idle.uexp" 219
"D:/Projects/Unreal Engine/Middle UE4 Course/Blueprints/Friends/Content/ThirdPersonBP/Characters/Cat/Animations/Anim_Cat_Walk_F_RM.uasset" 220
"D:/Projects/Unreal Engine/Middle UE4 Course/Blueprints/Friends/Content/ThirdPersonBP/Characters/Cat/Animations/Anim_Cat_Walk_F_RM.uexp" 221
"D:/Projects/Unreal Engine/Middle UE4 Course/Blueprints/Friends/Content/ThirdPersonBP/Characters/Cat/Animations/Anim_Cat_Trot_F_RM.uasset" 222
"D:/Projects/Unreal Engine/Middle UE4 Course/Blueprints/Friends/Content/ThirdPersonBP/Characters/Cat/Animations/Anim_Cat_Trot_F_RM.uexp" 223
"D:/Projects/Unreal Engine/Middle UE4 Course/Blueprints/Friends/Content/ThirdPersonBP/Characters/Cat/Animations/Anim_Cat_Run_F_RM.uasset" 224
"D:/Projects/Unreal Engine/Middle UE4 Course/Blueprints/Friends/Content/ThirdPersonBP/Characters/Cat/Animations/Anim_Cat_Run_F_RM.uexp" 225
"D:/Projects/Unreal Engine/Middle UE4 Course/Blueprints/Friends/Content/ThirdPersonBP/Characters/Cat/Animations/WalkTrotRunBS.uasset" 226
"D:/Projects/Unreal Engine/Middle UE4 Course/Blueprints/Friends/Content/ThirdPersonBP/Characters/Cat/Animations/WalkTrotRunBS.uexp" 227
"D:/Projects/Unreal Engine/Middle UE4 Course/Blueprints/Friends/Content/ThirdPersonBP/Characters/Cat/Animations/Anim_Cat_Jump_trot_IP.uasset" 228
"D:/Projects/Unreal Engine/Middle UE4 Course/Blueprints/Friends/Content/ThirdPersonBP/Characters/Cat/Animations/Anim_Cat_Jump_trot_IP.uexp" 229
"D:/Projects/Unreal Engine/Middle UE4 Course/Blueprints/Friends/Content/ThirdPersonBP/Characters/Cat/Animations/Anim_Cat_Jump_run_IP.uasset" 230
"D:/Projects/Unreal Engine/Middle UE4 Course/Blueprints/Friends/Content/ThirdPersonBP/Characters/Cat/Animations/Anim_Cat_Jump_run_IP.uexp" 231
"D:/Projects/Unreal Engine/Middle UE4 Course/Blueprints/Friends/Content/ThirdPersonBP/Characters/Cat/Animations/Anim_Cat_Jump_place.uasset" 232
"D:/Projects/Unreal Engine/Middle UE4 Course/Blueprints/Friends/Content/ThirdPersonBP/Characters/Cat/Animations/Anim_Cat_Jump_place.uexp" 233
"D:/Projects/Unreal Engine/Middle UE4 Course/Blueprints/Friends/Content/ThirdPersonBP/Characters/Cat/Animations/JumpBS.uasset" 234
"D:/Projects/Unreal Engine/Middle UE4 Course/Blueprints/Friends/Content/ThirdPersonBP/Characters/Cat/Animations/JumpBS.uexp" 235
"D:/Projects/Unreal Engine/Middle UE4 Course/Blueprints/Friends/Content/ThirdPersonBP/Characters/Cat/Animations/Anim_Cat_Lie_start.uasset" 236
"D:/Projects/Unreal Engine/Middle UE4 Course/Blueprints/Friends/Content/ThirdPersonBP/Characters/Cat/Animations/Anim_Cat_Lie_start.uexp" 237
"D:/Projects/Unreal Engine/Middle UE4 Course/Blueprints/Friends/Content/ThirdPersonBP/Characters/Cat/Animations/Anim_Cat_Lie_Sleep_start.uasset" 238
"D:/Projects/Unreal Engine/Middle UE4 Course/Blueprints/Friends/Content/ThirdPersonBP/Characters/Cat/Animations/Anim_Cat_Lie_Sleep_start.uexp" 239
"D:/Projects/Unreal Engine/Middle UE4 Course/Blueprints/Friends/Content/ThirdPersonBP/Characters/Cat/Animations/Anim_Cat_Lie_Sleep_loop.uasset" 240
"D:/Projects/Unreal Engine/Middle UE4 Course/Blueprints/Friends/Content/ThirdPersonBP/Characters/Cat/Animations/Anim_Cat_Lie_Sleep_loop.uexp" 241
"D:/Projects/Unreal Engine/Middle UE4 Course/Blueprints/Friends/Content/ThirdPersonBP/Characters/Cat/Animations/Anim_Cat_Lie_Sleep_end.uasset" 242
"D:/Projects/Unreal Engine/Middle UE4 Course/Blueprints/Friends/Content/ThirdPersonBP/Characters/Cat/Animations/Anim_Cat_Lie_Sleep_end.uexp" 243
"D:/Projects/Unreal Engine/Middle UE4 Course/Blueprints/Friends/Content/ThirdPersonBP/Characters/Cat/Animations/Anim_Cat_Lie_end.uasset" 244
"D:/Projects/Unreal Engine/Middle UE4 Course/Blueprints/Friends/Content/ThirdPersonBP/Characters/Cat/Animations/Anim_Cat_Lie_end.uexp" 245
"D:/Projects/Unreal Engine/Middle UE4 Course/Blueprints/Friends/Content/ThirdPersonBP/Characters/Cat/Animations/SleepAnimComposite.uasset" 246
"D:/Projects/Unreal Engine/Middle UE4 Course/Blueprints/Friends/Content/ThirdPersonBP/Characters/Cat/Animations/SleepAnimComposite.uexp" 247
"D:/Projects/Unreal Engine/Middle UE4 Course/Blueprints/Friends/Content/ThirdPersonBP/Characters/Cat/Animations/Anim_Cat_Jump_fear_IP.uasset" 248
"D:/Projects/Unreal Engine/Middle UE4 Course/Blueprints/Friends/Content/ThirdPersonBP/Characters/Cat/Animations/Anim_Cat_Jump_fear_IP.uexp" 249
"D:/Projects/Unreal Engine/Middle UE4 Course/Blueprints/Friends/Content/ThirdPersonBP/Characters/Cat/Animations/Anim_Cat_Agression_loop.uasset" 250
"D:/Projects/Unreal Engine/Middle UE4 Course/Blueprints/Friends/Content/ThirdPersonBP/Characters/Cat/Animations/Anim_Cat_Agression_loop.uexp" 251
"D:/Projects/Unreal Engine/Middle UE4 Course/Blueprints/Friends/Content/ThirdPersonBP/Characters/Cat/Animations/Anim_Cat_Agression_end.uasset" 252
"D:/Projects/Unreal Engine/Middle UE4 Course/Blueprints/Friends/Content/ThirdPersonBP/Characters/Cat/Animations/Anim_Cat_Agression_end.uexp" 253
"D:/Projects/Unreal Engine/Middle UE4 Course/Blueprints/Friends/Content/ThirdPersonBP/Characters/Cat/Animations/ReactionScaredAnimComposite.uasset" 254
"D:/Projects/Unreal Engine/Middle UE4 Course/Blueprints/Friends/Content/ThirdPersonBP/Characters/Cat/Animations/ReactionScaredAnimComposite.uexp" 255
"D:/Projects/Unreal Engine/Middle UE4 Course/Blueprints/Friends/Content/ThirdPersonBP/Characters/Cat/Animations/Anim_Cat_Eat_loop.uasset" 256
"D:/Projects/Unreal Engine/Middle UE4 Course/Blueprints/Friends/Content/ThirdPersonBP/Characters/Cat/Animations/Anim_Cat_Eat_loop.uexp" 257
"D:/Projects/Unreal Engine/Middle UE4 Course/Blueprints/Friends/Content/ThirdPersonBP/Characters/Cat/Animations/Anim_Cat_Eat_Drink_end.uasset" 258
"D:/Projects/Unreal Engine/Middle UE4 Course/Blueprints/Friends/Content/ThirdPersonBP/Characters/Cat/Animations/Anim_Cat_Eat_Drink_end.uexp" 259
"D:/Projects/Unreal Engine/Middle UE4 Course/Blueprints/Friends/Content/ThirdPersonBP/Characters/Cat/Animations/Anim_Cat_Drink_Eat_start.uasset" 260
"D:/Projects/Unreal Engine/Middle UE4 Course/Blueprints/Friends/Content/ThirdPersonBP/Characters/Cat/Animations/Anim_Cat_Drink_Eat_start.uexp" 261
"D:/Projects/Unreal Engine/Middle UE4 Course/Blueprints/Friends/Content/ThirdPersonBP/Characters/Cat/Animations/EatAnimComposite.uasset" 262
"D:/Projects/Unreal Engine/Middle UE4 Course/Blueprints/Friends/Content/ThirdPersonBP/Characters/Cat/Animations/EatAnimComposite.uexp" 263
"D:/Projects/Unreal Engine/Middle UE4 Course/Blueprints/Friends/Content/ThirdPersonBP/Characters/Cat/Animations/Anim_Cat_Sitting_start.uasset" 264
"D:/Projects/Unreal Engine/Middle UE4 Course/Blueprints/Friends/Content/ThirdPersonBP/Characters/Cat/Animations/Anim_Cat_Sitting_start.uexp" 265
"D:/Projects/Unreal Engine/Middle UE4 Course/Blueprints/Friends/Content/ThirdPersonBP/Characters/Cat/Animations/Anim_Cat_Sitting_idle_3.uasset" 266
"D:/Projects/Unreal Engine/Middle UE4 Course/Blueprints/Friends/Content/ThirdPersonBP/Characters/Cat/Animations/Anim_Cat_Sitting_idle_3.uexp" 267
"D:/Projects/Unreal Engine/Middle UE4 Course/Blueprints/Friends/Content/ThirdPersonBP/Characters/Cat/Animations/Anim_Cat_Sitting_Idle_1.uasset" 268
"D:/Projects/Unreal Engine/Middle UE4 Course/Blueprints/Friends/Content/ThirdPersonBP/Characters/Cat/Animations/Anim_Cat_Sitting_Idle_1.uexp" 269
"D:/Projects/Unreal Engine/Middle UE4 Course/Blueprints/Friends/Content/ThirdPersonBP/Characters/Cat/Animations/Anim_Cat_Sitting_end.uasset" 270
"D:/Projects/Unreal Engine/Middle UE4 Course/Blueprints/Friends/Content/ThirdPersonBP/Characters/Cat/Animations/Anim_Cat_Sitting_end.uexp" 271
"D:/Projects/Unreal Engine/Middle UE4 Course/Blueprints/Friends/Content/ThirdPersonBP/Characters/Cat/Animations/CleanAnimComposite.uasset" 272
"D:/Projects/Unreal Engine/Middle UE4 Course/Blueprints/Friends/Content/ThirdPersonBP/Characters/Cat/Animations/CleanAnimComposite.uexp" 273
"D:/Projects/Unreal Engine/Middle UE4 Course/Blueprints/Friends/Content/ThirdPersonBP/Characters/Cat/Animations/Anim_Cat_Attack_Double.uasset" 274
"D:/Projects/Unreal Engine/Middle UE4 Course/Blueprints/Friends/Content/ThirdPersonBP/Characters/Cat/Animations/Anim_Cat_Attack_Double.uexp" 275
"D:/Projects/Unreal Engine/Middle UE4 Course/Blueprints/Friends/Content/ThirdPersonBP/Characters/Cat/Sounds/wav/Cat_Hiss_01.uasset" 276
"D:/Projects/Unreal Engine/Middle UE4 Course/Blueprints/Friends/Content/ThirdPersonBP/Characters/Cat/Sounds/wav/Cat_Hiss_01.uexp" 277
"D:/Projects/Unreal Engine/Middle UE4 Course/Blueprints/Friends/Content/ThirdPersonBP/Characters/Cat/Animations/Anim_Cat_Agression_astart.uasset" 278
"D:/Projects/Unreal Engine/Middle UE4 Course/Blueprints/Friends/Content/ThirdPersonBP/Characters/Cat/Animations/Anim_Cat_Agression_astart.uexp" 279
"D:/Projects/Unreal Engine/Middle UE4 Course/Blueprints/Friends/Content/ThirdPersonBP/Characters/Cat/Animations/AttackAnimComposite.uasset" 280
"D:/Projects/Unreal Engine/Middle UE4 Course/Blueprints/Friends/Content/ThirdPersonBP/Characters/Cat/Animations/AttackAnimComposite.uexp" 281
"D:/Projects/Unreal Engine/Middle UE4 Course/Blueprints/Friends/Content/ThirdPersonBP/Characters/Cat/Animations/Anim_Cat_Caress_sitting.uasset" 282
"D:/Projects/Unreal Engine/Middle UE4 Course/Blueprints/Friends/Content/ThirdPersonBP/Characters/Cat/Animations/Anim_Cat_Caress_sitting.uexp" 283
"D:/Projects/Unreal Engine/Middle UE4 Course/Blueprints/Friends/Content/ThirdPersonBP/Characters/Cat/Sounds/wav/Cat_Meow_13.uasset" 284
"D:/Projects/Unreal Engine/Middle UE4 Course/Blueprints/Friends/Content/ThirdPersonBP/Characters/Cat/Sounds/wav/Cat_Meow_13.uexp" 285
"D:/Projects/Unreal Engine/Middle UE4 Course/Blueprints/Friends/Content/ThirdPersonBP/Characters/Cat/Animations/AskAnimComposite.uasset" 286
"D:/Projects/Unreal Engine/Middle UE4 Course/Blueprints/Friends/Content/ThirdPersonBP/Characters/Cat/Animations/AskAnimComposite.uexp" 287
"D:/Projects/Unreal Engine/Middle UE4 Course/Blueprints/Friends/Content/ThirdPersonBP/Characters/Cat/Animations/CatAnimBP.uasset" 288
"D:/Projects/Unreal Engine/Middle UE4 Course/Blueprints/Friends/Content/ThirdPersonBP/Characters/Cat/Animations/CatAnimBP.uexp" 289
"D:/Projects/Unreal Engine/Middle UE4 Course/Blueprints/Friends/Content/ThirdPersonBP/Characters/Cat/Cat.uasset" 290
"D:/Projects/Unreal Engine/Middle UE4 Course/Blueprints/Friends/Content/ThirdPersonBP/Characters/Cat/Cat.uexp" 291
"D:/Projects/Unreal Engine/Middle UE4 Course/Blueprints/Friends/Content/ThirdPersonBP/Blueprints/FriendsGame/FriendsGameMode.uasset" 292
"D:/Projects/Unreal Engine/Middle UE4 Course/Blueprints/Friends/Content/ThirdPersonBP/Blueprints/FriendsGame/FriendsGameMode.uexp" 293
"../../../Engine/Content/EngineMaterials/WorldGridMaterial.uasset" 294
"../../../Engine/Content/EngineMaterials/WorldGridMaterial.uexp" 295
"../../../Engine/Content/ArtTools/RenderToTexture/Meshes/S_1_Unit_Plane.uasset" 296
"../../../Engine/Content/ArtTools/RenderToTexture/Meshes/S_1_Unit_Plane.uexp" 297
"../../../Engine/Content/BasicShapes/Cone.uasset" 298
"../../../Engine/Content/BasicShapes/Cone.uexp" 299
"../../../Engine/Content/BasicShapes/Cube.uasset" 300
"../../../Engine/Content/BasicShapes/Cube.uexp" 301
"../../../Engine/Content/BasicShapes/Plane.uasset" 302
"../../../Engine/Content/BasicShapes/Plane.uexp" 303
"../../../Engine/Content/EditorLandscapeResources/DataLayer.uasset" 304
"../../../Engine/Content/EditorLandscapeResources/DataLayer.uexp" 305
"../../../Engine/Content/EditorLandscapeResources/DefaultAlphaTexture.uasset" 306
"../../../Engine/Content/EditorLandscapeResources/DefaultAlphaTexture.uexp" 307
"../../../Engine/Content/EditorMaterials/MAT_Groups_Toggle.uasset" 308
"../../../Engine/Content/EditorMaterials/MAT_Groups_Toggle.uexp" 309
"../../../Engine/Content/EditorMaterials/MAT_Groups_Visibility.uasset" 310
"../../../Engine/Content/EditorMaterials/MAT_Groups_Visibility.uexp" 311
"../../../Engine/Content/EditorMaterials/PreviewShadowIndicator.uasset" 312
"../../../Engine/Content/EditorMaterials/PreviewShadowIndicator.uexp" 313
"../../../Engine/Content/EditorMaterials/PreviewShadowIndicator.ubulk" 314
"../../../Engine/Content/EditorMaterials/PreviewShadowIndicatorMaterial.uasset" 315
"../../../Engine/Content/EditorMaterials/PreviewShadowIndicatorMaterial.uexp" 316
"../../../Engine/Content/EditorMaterials/MatineeGroups/MAT_ColorTrack.uasset" 317
"../../../Engine/Content/EditorMaterials/MatineeGroups/MAT_ColorTrack.uexp" 318
"../../../Engine/Content/EditorMaterials/MatineeGroups/MAT_Groups_Anim.uasset" 319
"../../../Engine/Content/EditorMaterials/MatineeGroups/MAT_Groups_Anim.uexp" 320
"../../../Engine/Content/EditorMaterials/MatineeGroups/MAT_Groups_AudioMaster.uasset" 321
"../../../Engine/Content/EditorMaterials/MatineeGroups/MAT_Groups_AudioMaster.uexp" 322
"../../../Engine/Content/EditorMaterials/MatineeGroups/MAT_Groups_Director.uasset" 323
"../../../Engine/Content/EditorMaterials/MatineeGroups/MAT_Groups_Director.uexp" 324
"../../../Engine/Content/EditorMaterials/MatineeGroups/MAT_Groups_Event.uasset" 325
"../../../Engine/Content/EditorMaterials/MatineeGroups/MAT_Groups_Event.uexp" 326
"../../../Engine/Content/EditorMaterials/MatineeGroups/MAT_Groups_Fade.uasset" 327
"../../../Engine/Content/EditorMaterials/MatineeGroups/MAT_Groups_Fade.uexp" 328
"../../../Engine/Content/EditorMaterials/MatineeGroups/MAT_Groups_Float.uasset" 329
"../../../Engine/Content/EditorMaterials/MatineeGroups/MAT_Groups_Float.uexp" 330
"../../../Engine/Content/EditorMaterials/MatineeGroups/MAT_Groups_Move.uasset" 331
"../../../Engine/Content/EditorMaterials/MatineeGroups/MAT_Groups_Move.uexp" 332
"../../../Engine/Content/EditorMaterials/MatineeGroups/MAT_Groups_Slomo.uasset" 333
"../../../Engine/Content/EditorMaterials/MatineeGroups/MAT_Groups_Slomo.uexp" 334
"../../../Engine/Content/EditorMaterials/MatineeGroups/MAT_Groups_Sound.uasset" 335
"../../../Engine/Content/EditorMaterials/MatineeGroups/MAT_Groups_Sound.uexp" 336
"../../../Engine/Content/EditorMaterials/MatineeGroups/MAT_Groups_Vector.uasset" 337
"../../../Engine/Content/EditorMaterials/MatineeGroups/MAT_Groups_Vector.uexp" 338
"../../../Engine/Content/EditorMaterials/ParticleSystems/PSysThumbnail_NoImage.uasset" 339
"../../../Engine/Content/EditorMaterials/ParticleSystems/PSysThumbnail_NoImage.uexp" 340
"../../../Engine/Content/EditorMaterials/ParticleSystems/PSysThumbnail_NoImage.ubulk" 341
"../../../Engine/Content/EditorMaterials/ParticleSystems/PSysThumbnail_OOD.uasset" 342
"../../../Engine/Content/EditorMaterials/ParticleSystems/PSysThumbnail_OOD.uexp" 343
"../../../Engine/Content/EditorMaterials/ParticleSystems/PSysThumbnail_OOD.ubulk" 344
"../../../Engine/Content/EditorMaterials/Camera/CineMat.uasset" 345
"../../../Engine/Content/EditorMaterials/Camera/CineMat.uexp" 346
"../../../Engine/Content/EditorMaterials/Camera/MI_CineMat_Rig.uasset" 347
"../../../Engine/Content/EditorMaterials/Camera/MI_CineMat_Rig.uexp" 348
"../../../Engine/Content/EditorMeshes/Camera/SM_CraneRig_Arm.uasset" 349
"../../../Engine/Content/EditorMeshes/Camera/SM_CraneRig_Arm.uexp" 350
"../../../Engine/Content/EditorMeshes/Camera/SM_CraneRig_Base.uasset" 351
"../../../Engine/Content/EditorMeshes/Camera/SM_CraneRig_Base.uexp" 352
"../../../Engine/Content/EditorMeshes/Camera/SM_CraneRig_Body.uasset" 353
"../../../Engine/Content/EditorMeshes/Camera/SM_CraneRig_Body.uexp" 354
"../../../Engine/Content/EditorMeshes/Camera/SM_CraneRig_Mount.uasset" 355
"../../../Engine/Content/EditorMeshes/Camera/SM_CraneRig_Mount.uexp" 356
"../../../Engine/Content/EditorMeshes/Camera/SM_RailRig_Mount.uasset" 357
"../../../Engine/Content/EditorMeshes/Camera/SM_RailRig_Mount.uexp" 358
"../../../Engine/Content/EditorMeshes/Camera/SM_RailRig_Track.uasset" 359
"../../../Engine/Content/EditorMeshes/Camera/SM_RailRig_Track.uexp" 360
"../../../Engine/Content/EditorResources/BSPVertex.uasset" 361
"../../../Engine/Content/EditorResources/BSPVertex.uexp" 362
"../../../Engine/Content/EditorResources/EmptyActor.uasset" 363
"../../../Engine/Content/EditorResources/EmptyActor.uexp" 364
"../../../Engine/Content/EditorResources/S_Actor.uasset" 365
"../../../Engine/Content/EditorResources/S_Actor.uexp" 366
"../../../Engine/Content/EditorResources/S_Actor.ubulk" 367
"../../../Engine/Content/EditorResources/S_Note.uasset" 368
"../../../Engine/Content/EditorResources/S_Note.uexp" 369
"../../../Engine/Content/EditorResources/S_Note.ubulk" 370
"../../../Engine/Content/EditorResources/S_Solver.uasset" 371
"../../../Engine/Content/EditorResources/S_Solver.uexp" 372
"../../../Engine/Content/EditorResources/S_Solver.ubulk" 373
"../../../Engine/Content/EditorResources/S_Terrain.uasset" 374
"../../../Engine/Content/EditorResources/S_Terrain.uexp" 375
"../../../Engine/Content/EditorResources/S_Terrain.ubulk" 376
"../../../Engine/Content/EditorResources/S_Trigger.uasset" 377
"../../../Engine/Content/EditorResources/S_Trigger.uexp" 378
"../../../Engine/Content/EditorResources/S_Trigger.ubulk" 379
"../../../Engine/Content/EditorResources/LightIcons/S_LightError.uasset" 380
"../../../Engine/Content/EditorResources/LightIcons/S_LightError.uexp" 381
"../../../Engine/Content/EditorResources/SequenceRecorder/Countdown.uasset" 382
"../../../Engine/Content/EditorResources/SequenceRecorder/Countdown.uexp" 383
"../../../Engine/Content/EditorResources/SequenceRecorder/RecordingIndicator.uasset" 384
"../../../Engine/Content/EditorResources/SequenceRecorder/RecordingIndicator.uexp" 385
"../../../Engine/Content/EngineDamageTypes/DmgTypeBP_Environmental.uasset" 386
"../../../Engine/Content/EngineDamageTypes/DmgTypeBP_Environmental.uexp" 387
"../../../Engine/Content/EngineDebugMaterials/DebugEditorMaterial.uasset" 388
"../../../Engine/Content/EngineDebugMaterials/DebugEditorMaterial.uexp" 389
"../../../Engine/Content/EngineDebugMaterials/DebugMeshMaterial.uasset" 390
"../../../Engine/Content/EngineDebugMaterials/DebugMeshMaterial.uexp" 391
"../../../Engine/Content/EngineDebugMaterials/M_SimpleUnlitTranslucent.uasset" 392
"../../../Engine/Content/EngineDebugMaterials/M_SimpleUnlitTranslucent.uexp" 393
"../../../Engine/Content/EngineDebugMaterials/VolumeToRender.uasset" 394
"../../../Engine/Content/EngineDebugMaterials/VolumeToRender.uexp" 395
"../../../Engine/Content/Functions/Engine_MaterialFunctions02/Utility/CameraDirectionVector.uasset" 396
"../../../Engine/Content/Functions/Engine_MaterialFunctions02/Utility/CameraDirectionVector.uexp" 397
"../../../Engine/Content/EngineDebugMaterials/M_VolumeRenderSphereTracePP.uasset" 398
"../../../Engine/Content/EngineDebugMaterials/M_VolumeRenderSphereTracePP.uexp" 399
"../../../Engine/Content/Functions/Engine_MaterialFunctions01/Shading/ConvertFromDiffSpec.uasset" 400
"../../../Engine/Content/Functions/Engine_MaterialFunctions01/Shading/ConvertFromDiffSpec.uexp" 401
"../../../Engine/Content/EngineDebugMaterials/VertexColorMaterial.uasset" 402
"../../../Engine/Content/EngineDebugMaterials/VertexColorMaterial.uexp" 403
"../../../Engine/Content/EngineDebugMaterials/WireframeMaterial.uasset" 404
"../../../Engine/Content/EngineDebugMaterials/WireframeMaterial.uexp" 405
"../../../Engine/Content/EngineFonts/Faces/RobotoRegular.uasset" 406
"../../../Engine/Content/EngineFonts/Faces/RobotoRegular.uexp" 407
"../../../Engine/Content/EngineFonts/Faces/RobotoRegular.ufont" 408
"../../../Engine/Content/EngineFonts/Faces/RobotoLight.uasset" 409
"../../../Engine/Content/EngineFonts/Faces/RobotoLight.uexp" 410
"../../../Engine/Content/EngineFonts/Faces/RobotoLight.ufont" 411
"../../../Engine/Content/EngineFonts/Faces/RobotoItalic.uasset" 412
"../../../Engine/Content/EngineFonts/Faces/RobotoItalic.uexp" 413
"../../../Engine/Content/EngineFonts/Faces/RobotoItalic.ufont" 414
"../../../Engine/Content/EngineFonts/Faces/RobotoBoldItalic.uasset" 415
"../../../Engine/Content/EngineFonts/Faces/RobotoBoldItalic.uexp" 416
"../../../Engine/Content/EngineFonts/Faces/RobotoBoldItalic.ufont" 417
"../../../Engine/Content/EngineFonts/Faces/RobotoBold.uasset" 418
"../../../Engine/Content/EngineFonts/Faces/RobotoBold.uexp" 419
"../../../Engine/Content/EngineFonts/Faces/RobotoBold.ufont" 420
"../../../Engine/Content/EngineFonts/Faces/DroidSansFallback.uasset" 421
"../../../Engine/Content/EngineFonts/Faces/DroidSansFallback.uexp" 422
"../../../Engine/Content/EngineFonts/Faces/DroidSansFallback.ufont" 423
"../../../Engine/Content/EngineFonts/Roboto.uasset" 424
"../../../Engine/Content/EngineFonts/Roboto.uexp" 425
"../../../Engine/Content/EngineMaterials/BaseFlattenNormalMap.uasset" 426
"../../../Engine/Content/EngineMaterials/BaseFlattenNormalMap.uexp" 427
"../../../Engine/Content/EngineMaterials/BaseFlattenGrayscaleMap.uasset" 428
"../../../Engine/Content/EngineMaterials/BaseFlattenGrayscaleMap.uexp" 429
"../../../Engine/Content/EngineMaterials/BaseFlattenEmissiveMap.uasset" 430
"../../../Engine/Content/EngineMaterials/BaseFlattenEmissiveMap.uexp" 431
"../../../Engine/Content/EngineMaterials/BaseFlattenDiffuseMap.uasset" 432
"../../../Engine/Content/EngineMaterials/BaseFlattenDiffuseMap.uexp" 433
"../../../Engine/Content/EngineMaterials/BaseFlattenMaterial.uasset" 434
"../../../Engine/Content/EngineMaterials/BaseFlattenMaterial.uexp" 435
"../../../Engine/Content/EngineMaterials/BlueNoise.uasset" 436
"../../../Engine/Content/EngineMaterials/BlueNoise.uexp" 437
"../../../Engine/Content/EngineMaterials/DefaultBloomKernel.uasset" 438
"../../../Engine/Content/EngineMaterials/DefaultBloomKernel.uexp" 439
"../../../Engine/Content/EngineMaterials/DefaultBokeh.uasset" 440
"../../../Engine/Content/EngineMaterials/DefaultBokeh.uexp" 441
"../../../Engine/Content/EngineMaterials/DefaultDiffuse.uasset" 442
"../../../Engine/Content/EngineMaterials/DefaultDiffuse.uexp" 443
"../../../Engine/Content/EngineMaterials/DefaultDiffuse.ubulk" 444
"../../../Engine/Content/EngineMaterials/DefaultDeferredDecalMaterial.uasset" 445
"../../../Engine/Content/EngineMaterials/DefaultDeferredDecalMaterial.uexp" 446
"../../../Engine/Content/EngineMaterials/DefaultLightFunctionMaterial.uasset" 447
"../../../Engine/Content/EngineMaterials/DefaultLightFunctionMaterial.uexp" 448
"../../../Engine/Content/EngineMaterials/DefaultPhysicalMaterial.uasset" 449
"../../../Engine/Content/EngineMaterials/DefaultPhysicalMaterial.uexp" 450
"../../../Engine/Content/Functions/Engine_MaterialFunctions02/Utility/BreakOutFloat2Components.uasset" 451
"../../../Engine/Content/Functions/Engine_MaterialFunctions02/Utility/BreakOutFloat2Components.uexp" 452
"../../../Engine/Content/EngineMaterials/DefaultPostProcessMaterial.uasset" 453
"../../../Engine/Content/EngineMaterials/DefaultPostProcessMaterial.uexp" 454
"../../../Engine/Content/EngineFonts/RobotoDistanceField.uasset" 455
"../../../Engine/Content/EngineFonts/RobotoDistanceField.uexp" 456
"../../../Engine/Content/EngineMaterials/DefaultTextMaterialOpaque.uasset" 457
"../../../Engine/Content/EngineMaterials/DefaultTextMaterialOpaque.uexp" 458
"../../../Engine/Content/EngineMaterials/DefaultWhiteGrid.uasset" 459
"../../../Engine/Content/EngineMaterials/DefaultWhiteGrid.uexp" 460
"../../../Engine/Content/EngineMaterials/DefaultWhiteGrid.ubulk" 461
"../../../Engine/Content/EngineMaterials/DefaultWhiteGrid_Low.uasset" 462
"../../../Engine/Content/EngineMaterials/DefaultWhiteGrid_Low.uexp" 463
"../../../Engine/Content/EngineMaterials/EmissiveMeshMaterial.uasset" 464
"../../../Engine/Content/EngineMaterials/EmissiveMeshMaterial.uexp" 465
"../../../Engine/Content/EngineMaterials/GizmoMaterial.uasset" 466
"../../../Engine/Content/EngineMaterials/GizmoMaterial.uexp" 467
"../../../Engine/Content/EngineMaterials/Good64x64TilingNoiseHighFreq.uasset" 468
"../../../Engine/Content/EngineMaterials/Good64x64TilingNoiseHighFreq.uexp" 469
"../../../Engine/Content/EngineMaterials/MiniFont.uasset" 470
"../../../Engine/Content/EngineMaterials/MiniFont.uexp" 471
"../../../Engine/Content/EngineMaterials/InvalidLightmapSettings.uasset" 472
"../../../Engine/Content/EngineMaterials/InvalidLightmapSettings.uexp" 473
"../../../Engine/Content/EngineMaterials/InvalidLightmapSettings.ubulk" 474
"../../../Engine/Content/EngineMaterials/M_InvalidLightmapSettings.uasset" 475
"../../../Engine/Content/EngineMaterials/M_InvalidLightmapSettings.uexp" 476
"../../../Engine/Content/Functions/Engine_MaterialFunctions02/WorldPositionOffset/CameraOffset.uasset" 477
"../../../Engine/Content/Functions/Engine_MaterialFunctions02/WorldPositionOffset/CameraOffset.uexp" 478
"../../../Engine/Content/EngineMaterials/PhAT_JointLimitMaterial.uasset" 479
"../../../Engine/Content/EngineMaterials/PhAT_JointLimitMaterial.uexp" 480
"../../../Engine/Content/EngineMaterials/DefaultCalibrationColor.uasset" 481
"../../../Engine/Content/EngineMaterials/DefaultCalibrationColor.uexp" 482
"../../../Engine/Content/EngineMaterials/PPM_DefaultCalibrationColor.uasset" 483
"../../../Engine/Content/EngineMaterials/PPM_DefaultCalibrationColor.uexp" 484
"../../../Engine/Content/EngineMaterials/DefaultCalibrationGrayscale.uasset" 485
"../../../Engine/Content/EngineMaterials/DefaultCalibrationGrayscale.uexp" 486
"../../../Engine/Content/EngineMaterials/PPM_DefaultCalibrationGrayscale.uasset" 487
"../../../Engine/Content/EngineMaterials/PPM_DefaultCalibrationGrayscale.uexp" 488
"../../../Engine/Content/EngineMaterials/PreintegratedSkinBRDF.uasset" 489
"../../../Engine/Content/EngineMaterials/PreintegratedSkinBRDF.uexp" 490
"../../../Engine/Content/EngineMaterials/RemoveSurfaceMaterial.uasset" 491
"../../../Engine/Content/EngineMaterials/RemoveSurfaceMaterial.uexp" 492
"../../../Engine/Content/EngineMaterials/WeightMapPlaceholderTexture.uasset" 493
"../../../Engine/Content/EngineMaterials/WeightMapPlaceholderTexture.uexp" 494
"../../../Engine/Content/EngineResources/WhiteSquareTexture.uasset" 495
"../../../Engine/Content/EngineResources/WhiteSquareTexture.uexp" 496
"../../../Engine/Content/EngineMaterials/Widget3DPassThrough.uasset" 497
"../../../Engine/Content/EngineMaterials/Widget3DPassThrough.uexp" 498
"../../../Engine/Content/EngineMaterials/Widget3DPassThrough_Masked.uasset" 499
"../../../Engine/Content/EngineMaterials/Widget3DPassThrough_Masked.uexp" 500
"../../../Engine/Content/EngineMaterials/Widget3DPassThrough_Opaque.uasset" 501
"../../../Engine/Content/EngineMaterials/Widget3DPassThrough_Opaque.uexp" 502
"../../../Engine/Content/EngineMaterials/Widget3DPassThrough_Masked_OneSided.uasset" 503
"../../../Engine/Content/EngineMaterials/Widget3DPassThrough_Masked_OneSided.uexp" 504
"../../../Engine/Content/EngineMaterials/Widget3DPassThrough_Opaque_OneSided.uasset" 505
"../../../Engine/Content/EngineMaterials/Widget3DPassThrough_Opaque_OneSided.uexp" 506
"../../../Engine/Content/EngineMaterials/Widget3DPassThrough_Translucent.uasset" 507
"../../../Engine/Content/EngineMaterials/Widget3DPassThrough_Translucent.uexp" 508
"../../../Engine/Content/EngineMaterials/Widget3DPassThrough_Translucent_OneSided.uasset" 509
"../../../Engine/Content/EngineMaterials/Widget3DPassThrough_Translucent_OneSided.uexp" 510
"../../../Engine/Content/EngineMeshes/Cylinder.uasset" 511
"../../../Engine/Content/EngineMeshes/Cylinder.uexp" 512
"../../../Engine/Content/EngineMeshes/Sphere.uasset" 513
"../../../Engine/Content/EngineMeshes/Sphere.uexp" 514
"../../../Engine/Content/EngineResources/DefaultTexture.uasset" 515
"../../../Engine/Content/EngineResources/DefaultTexture.uexp" 516
"../../../Engine/Content/EngineResources/DefaultTexture.ubulk" 517
"../../../Engine/Content/EngineResources/DefaultTextureCube.uasset" 518
"../../../Engine/Content/EngineResources/DefaultTextureCube.uexp" 519
"../../../Engine/Content/EngineResources/DefaultVolumeTexture2D.uasset" 520
"../../../Engine/Content/EngineResources/DefaultVolumeTexture2D.uexp" 521
"../../../Engine/Content/EngineResources/DefaultVolumeTexture.uasset" 522
"../../../Engine/Content/EngineResources/DefaultVolumeTexture.uexp" 523
"../../../Engine/Content/EngineResources/GradientTexture0.uasset" 524
"../../../Engine/Content/EngineResources/GradientTexture0.uexp" 525
"../../../Engine/Content/EngineSky/VolumetricClouds/T_NoiseShape64.uasset" 526
"../../../Engine/Content/EngineSky/VolumetricClouds/T_NoiseShape64.uexp" 527
"../../../Engine/Content/EngineSky/VolumetricClouds/T_NoiseShape64.ubulk" 528
"../../../Engine/Content/EngineSky/VolumetricClouds/T_VolumeNoiseShape64.uasset" 529
"../../../Engine/Content/EngineSky/VolumetricClouds/T_VolumeNoiseShape64.uexp" 530
"../../../Engine/Content/EngineSky/VolumetricClouds/T_NoiseErosion.uasset" 531
"../../../Engine/Content/EngineSky/VolumetricClouds/T_NoiseErosion.uexp" 532
"../../../Engine/Content/EngineSky/VolumetricClouds/T_NoiseErosion.ubulk" 533
"../../../Engine/Content/EngineSky/VolumetricClouds/T_VolumeNoiseErosion32.uasset" 534
"../../../Engine/Content/EngineSky/VolumetricClouds/T_VolumeNoiseErosion32.uexp" 535
"../../../Engine/Content/EngineSky/VolumetricClouds/CloudWeatherTexture.uasset" 536
"../../../Engine/Content/EngineSky/VolumetricClouds/CloudWeatherTexture.uexp" 537
"../../../Engine/Content/EngineSky/VolumetricClouds/CloudGradientTexture.uasset" 538
"../../../Engine/Content/EngineSky/VolumetricClouds/CloudGradientTexture.uexp" 539
"../../../Engine/Content/Functions/Engine_MaterialFunctions02/Utility/MakeFloat2.uasset" 540
"../../../Engine/Content/Functions/Engine_MaterialFunctions02/Utility/MakeFloat2.uexp" 541
"../../../Engine/Content/EngineSky/VolumetricClouds/m_SimpleVolumetricCloud.uasset" 542
"../../../Engine/Content/EngineSky/VolumetricClouds/m_SimpleVolumetricCloud.uexp" 543
"../../../Engine/Content/EngineSky/VolumetricClouds/m_SimpleVolumetricCloud_Inst.uasset" 544
"../../../Engine/Content/EngineSky/VolumetricClouds/m_SimpleVolumetricCloud_Inst.uexp" 545
"../../../Engine/Content/EngineSounds/Master.uasset" 546
"../../../Engine/Content/EngineSounds/Master.uexp" 547
"../../../Engine/Content/Functions/Engine_MaterialFunctions01/Shading/PowerToRoughness.uasset" 548
"../../../Engine/Content/Functions/Engine_MaterialFunctions01/Shading/PowerToRoughness.uexp" 549
"../../../Engine/Content/Maps/Templates/Thumbnails/Default.uasset" 550
"../../../Engine/Content/Maps/Templates/Thumbnails/Default.uexp" 551
"../../../Engine/Content/Maps/Templates/Thumbnails/TimeOfDay.uasset" 552
"../../../Engine/Content/Maps/Templates/Thumbnails/TimeOfDay.uexp" 553
"../../../Engine/Content/Maps/Templates/Thumbnails/VR-Basic.uasset" 554
"../../../Engine/Content/Maps/Templates/Thumbnails/VR-Basic.uexp" 555
"../../../Engine/Content/MobileResources/T_MobileControls_texture.uasset" 556
"../../../Engine/Content/MobileResources/T_MobileControls_texture.uexp" 557
"../../../Engine/Content/MobileResources/T_MobileMenu2.uasset" 558
"../../../Engine/Content/MobileResources/T_MobileMenu2.uexp" 559
"../../../Engine/Content/MobileResources/HUD/AnalogHat.uasset" 560
"../../../Engine/Content/MobileResources/HUD/AnalogHat.uexp" 561
"../../../Engine/Content/MobileResources/HUD/VirtualJoystick_Thumb.uasset" 562
"../../../Engine/Content/MobileResources/HUD/VirtualJoystick_Thumb.uexp" 563
"../../../Engine/Content/MobileResources/HUD/VirtualJoystick_Background.uasset" 564
"../../../Engine/Content/MobileResources/HUD/VirtualJoystick_Background.uexp" 565
"../../../Engine/Content/MobileResources/HUD/DefaultVirtualJoysticks.uasset" 566
"../../../Engine/Content/MobileResources/HUD/DefaultVirtualJoysticks.uexp" 567
"../../../Engine/Content/MobileResources/HUD/LeftVirtualJoystickOnly.uasset" 568
"../../../Engine/Content/MobileResources/HUD/LeftVirtualJoystickOnly.uexp" 569
"../../../Engine/Content/MobileResources/HUD/MobileHUDButton1_off.uasset" 570
"../../../Engine/Content/MobileResources/HUD/MobileHUDButton1_off.uexp" 571
"../../../Engine/Content/MobileResources/HUD/MobileHUDButton1_on.uasset" 572
"../../../Engine/Content/MobileResources/HUD/MobileHUDButton1_on.uexp" 573
"../../../Engine/Content/MobileResources/HUD/MobileHUDButton2_off.uasset" 574
"../../../Engine/Content/MobileResources/HUD/MobileHUDButton2_off.uexp" 575
"../../../Engine/Content/MobileResources/HUD/MobileHUDButton2_on.uasset" 576
"../../../Engine/Content/MobileResources/HUD/MobileHUDButton2_on.uexp" 577
"../../../Engine/Content/MobileResources/HUD/MobileHUDButton3.uasset" 578
"../../../Engine/Content/MobileResources/HUD/MobileHUDButton3.uexp" 579
"../../../Engine/Content/MobileResources/HUD/MobileHUDButtonFire.uasset" 580
"../../../Engine/Content/MobileResources/HUD/MobileHUDButtonFire.uexp" 581
"../../../Engine/Content/MobileResources/HUD/MobileHUDDirectionPad.uasset" 582
"../../../Engine/Content/MobileResources/HUD/MobileHUDDirectionPad.uexp" 583
"../../../Engine/Content/MobileResources/HUD/MobileHUDDirectionPad2.uasset" 584
"../../../Engine/Content/MobileResources/HUD/MobileHUDDirectionPad2.uexp" 585
"../../../Engine/Content/MobileResources/HUD/MobileHUDDirectionPad3.uasset" 586
"../../../Engine/Content/MobileResources/HUD/MobileHUDDirectionPad3.uexp" 587
"../../../Engine/Content/MobileResources/HUD/MobileHUDDirectionStick.uasset" 588
"../../../Engine/Content/MobileResources/HUD/MobileHUDDirectionStick.uexp" 589
"../../../Engine/Content/MobileResources/HUD/T_Castle_ThumbstickInner.uasset" 590
"../../../Engine/Content/MobileResources/HUD/T_Castle_ThumbstickInner.uexp" 591
"../../../Engine/Content/MobileResources/HUD/T_Castle_ThumbstickOutter.uasset" 592
"../../../Engine/Content/MobileResources/HUD/T_Castle_ThumbstickOutter.uexp" 593
"../../../Engine/Content/Tutorial/ContentIntroCurve.uasset" 594
"../../../Engine/Content/Tutorial/ContentIntroCurve.uexp" 595
"../../../Engine/Content/Tutorial/Basics/TutorialAssets/icon_tab_Levels_40x.uasset" 596
"../../../Engine/Content/Tutorial/Basics/TutorialAssets/icon_tab_Levels_40x.uexp" 597
"../../../Engine/Content/Tutorial/BlueprintTutorials/TutorialAssets/Blueprint_64x.uasset" 598
"../../../Engine/Content/Tutorial/BlueprintTutorials/TutorialAssets/Blueprint_64x.uexp" 599
"../../../Engine/Content/Tutorial/BlueprintTutorials/TutorialAssets/BlueprintInterface_64x.uasset" 600
"../../../Engine/Content/Tutorial/BlueprintTutorials/TutorialAssets/BlueprintInterface_64x.uexp" 601
"../../../Engine/Content/Tutorial/BlueprintTutorials/TutorialAssets/Tutorial_BP_Interface.uasset" 602
"../../../Engine/Content/Tutorial/BlueprintTutorials/TutorialAssets/Tutorial_BP_Interface.uexp" 603
"../../../Engine/Content/VREditor/TransformGizmo/TranslucentTransformGizmoMaterial.uasset" 604
"../../../Engine/Content/VREditor/TransformGizmo/TranslucentTransformGizmoMaterial.uexp" 605
"../../../Engine/Content/VREditor/LaserPointer/VR_LaserPower_01.uasset" 606
"../../../Engine/Content/VREditor/LaserPointer/VR_LaserPower_01.uexp" 607
"../../../Engine/Content/VREditor/LaserPointer/VR_LaserPower_01.ubulk" 608
"../../../Engine/Content/VREditor/TransformGizmo/TransformGizmoMaterial.uasset" 609
"../../../Engine/Content/VREditor/TransformGizmo/TransformGizmoMaterial.uexp" 610
"../../../Engine/Content/VREditor/TransformGizmo/BoundingBoxCorner.uasset" 611
"../../../Engine/Content/VREditor/TransformGizmo/BoundingBoxCorner.uexp" 612
"../../../Engine/Content/VREditor/TransformGizmo/BoundingBoxEdge.uasset" 613
"../../../Engine/Content/VREditor/TransformGizmo/BoundingBoxEdge.uexp" 614
"../../../Engine/Content/VREditor/TransformGizmo/PlaneTranslationHandle.uasset" 615
"../../../Engine/Content/VREditor/TransformGizmo/PlaneTranslationHandle.uexp" 616
"../../../Engine/Content/VREditor/TransformGizmo/Xray.uasset" 617
"../../../Engine/Content/VREditor/TransformGizmo/Xray.uexp" 618
"../../../Engine/Content/VREditor/TransformGizmo/Main.uasset" 619
"../../../Engine/Content/VREditor/TransformGizmo/Main.uexp" 620
"../../../Engine/Content/VREditor/TransformGizmo/SM_Sequencer_Key.uasset" 621
"../../../Engine/Content/VREditor/TransformGizmo/SM_Sequencer_Key.uexp" 622
"../../../Engine/Content/VREditor/TransformGizmo/SM_Sequencer_Node.uasset" 623
"../../../Engine/Content/VREditor/TransformGizmo/SM_Sequencer_Node.uexp" 624
"../../../Engine/Plugins/2D/Paper2D/Content/PlaceholderTextures/DummySpriteTexture.uasset" 625
"../../../Engine/Plugins/2D/Paper2D/Content/PlaceholderTextures/DummySpriteTexture.uexp" 626
"../../../Engine/Plugins/2D/Paper2D/Content/PlaceholderTextures/DummySpriteTexture.ubulk" 627
"../../../Engine/Plugins/2D/Paper2D/Content/DummySprite.uasset" 628
"../../../Engine/Plugins/2D/Paper2D/Content/DummySprite.uexp" 629
"../../../Engine/Plugins/2D/Paper2D/Content/DefaultPaperTerrainMaterial.uasset" 630
"../../../Engine/Plugins/2D/Paper2D/Content/DefaultPaperTerrainMaterial.uexp" 631
"../../../Engine/Plugins/2D/Paper2D/Content/DefaultSpriteMaterial.uasset" 632
"../../../Engine/Plugins/2D/Paper2D/Content/DefaultSpriteMaterial.uexp" 633
"../../../Engine/Plugins/2D/Paper2D/Content/MaskedUnlitSpriteMaterial.uasset" 634
"../../../Engine/Plugins/2D/Paper2D/Content/MaskedUnlitSpriteMaterial.uexp" 635
"../../../Engine/Plugins/2D/Paper2D/Content/OpaqueUnlitSpriteMaterial.uasset" 636
"../../../Engine/Plugins/2D/Paper2D/Content/OpaqueUnlitSpriteMaterial.uexp" 637
"../../../Engine/Content/ArtTools/RenderToTexture/Materials/Debug/M_Emissive_Color.uasset" 638
"../../../Engine/Content/ArtTools/RenderToTexture/Materials/Debug/M_Emissive_Color.uexp" 639
"../../../Engine/Content/BasicShapes/Cylinder.uasset" 640
"../../../Engine/Content/BasicShapes/Cylinder.uexp" 641
"../../../Engine/Plugins/Lumin/MagicLeapPassableWorld/Content/MagicLeapARPinInfoActor.uasset" 642
"../../../Engine/Plugins/Lumin/MagicLeapPassableWorld/Content/MagicLeapARPinInfoActor.uexp" 643
"../../../Engine/Plugins/Runtime/OpenXR/Content/Devices/GoogleDaydream/MRTexture.uasset" 644
"../../../Engine/Plugins/Runtime/OpenXR/Content/Devices/GoogleDaydream/MRTexture.uexp" 645
"../../../Engine/Plugins/Runtime/OpenXR/Content/Devices/GoogleDaydream/MRTexture.ubulk" 646
"../../../Engine/Plugins/Runtime/OpenXR/Content/Devices/GoogleDaydream/BaseTexture.uasset" 647
"../../../Engine/Plugins/Runtime/OpenXR/Content/Devices/GoogleDaydream/BaseTexture.uexp" 648
"../../../Engine/Plugins/Runtime/OpenXR/Content/Devices/GoogleDaydream/BaseTexture.ubulk" 649
"../../../Engine/Content/EngineResources/Black.uasset" 650
"../../../Engine/Content/EngineResources/Black.uexp" 651
"../../../Engine/Plugins/Runtime/OpenXR/Content/Devices/M_XRController.uasset" 652
"../../../Engine/Plugins/Runtime/OpenXR/Content/Devices/M_XRController.uexp" 653
"../../../Engine/Plugins/Runtime/OpenXR/Content/Devices/GoogleDaydream/MI_GoogleDaydream.uasset" 654
"../../../Engine/Plugins/Runtime/OpenXR/Content/Devices/GoogleDaydream/MI_GoogleDaydream.uexp" 655
"../../../Engine/Plugins/Runtime/OpenXR/Content/Devices/GoogleDaydream/GoogleDaydreamController.uasset" 656
"../../../Engine/Plugins/Runtime/OpenXR/Content/Devices/GoogleDaydream/GoogleDaydreamController.uexp" 657
"../../../Engine/Plugins/Runtime/OpenXR/Content/Devices/HTCVive/BaseTexture.uasset" 658
"../../../Engine/Plugins/Runtime/OpenXR/Content/Devices/HTCVive/BaseTexture.uexp" 659
"../../../Engine/Plugins/Runtime/OpenXR/Content/Devices/HTCVive/BaseTexture.ubulk" 660
"../../../Engine/Plugins/Runtime/OpenXR/Content/Devices/HTCVive/MI_HTCVive.uasset" 661
"../../../Engine/Plugins/Runtime/OpenXR/Content/Devices/HTCVive/MI_HTCVive.uexp" 662
"../../../Engine/Plugins/Runtime/OpenXR/Content/Devices/HTCVive/HTCViveController.uasset" 663
"../../../Engine/Plugins/Runtime/OpenXR/Content/Devices/HTCVive/HTCViveController.uexp" 664
"../../../Engine/Plugins/Runtime/OpenXR/Content/Devices/MicrosoftMixedReality/NormalTexture.uasset" 665
"../../../Engine/Plugins/Runtime/OpenXR/Content/Devices/MicrosoftMixedReality/NormalTexture.uexp" 666
"../../../Engine/Plugins/Runtime/OpenXR/Content/Devices/MicrosoftMixedReality/NormalTexture.ubulk" 667
"../../../Engine/Plugins/Runtime/OpenXR/Content/Devices/MicrosoftMixedReality/MRTexture.uasset" 668
"../../../Engine/Plugins/Runtime/OpenXR/Content/Devices/MicrosoftMixedReality/MRTexture.uexp" 669
"../../../Engine/Plugins/Runtime/OpenXR/Content/Devices/MicrosoftMixedReality/MRTexture.ubulk" 670
"../../../Engine/Plugins/Runtime/OpenXR/Content/Devices/MicrosoftMixedReality/EmissiveTexture.uasset" 671
"../../../Engine/Plugins/Runtime/OpenXR/Content/Devices/MicrosoftMixedReality/EmissiveTexture.uexp" 672
"../../../Engine/Plugins/Runtime/OpenXR/Content/Devices/MicrosoftMixedReality/EmissiveTexture.ubulk" 673
"../../../Engine/Plugins/Runtime/OpenXR/Content/Devices/MicrosoftMixedReality/BaseTexture.uasset" 674
"../../../Engine/Plugins/Runtime/OpenXR/Content/Devices/MicrosoftMixedReality/BaseTexture.uexp" 675
"../../../Engine/Plugins/Runtime/OpenXR/Content/Devices/MicrosoftMixedReality/BaseTexture.ubulk" 676
"../../../Engine/Plugins/Runtime/OpenXR/Content/Devices/MicrosoftMixedReality/MI_MicrosoftMixedReality.uasset" 677
"../../../Engine/Plugins/Runtime/OpenXR/Content/Devices/MicrosoftMixedReality/MI_MicrosoftMixedReality.uexp" 678
"../../../Engine/Plugins/Runtime/OpenXR/Content/Devices/MicrosoftMixedReality/Left/left_MicrosoftMixedRealityController.uasset" 679
"../../../Engine/Plugins/Runtime/OpenXR/Content/Devices/MicrosoftMixedReality/Left/left_MicrosoftMixedRealityController.uexp" 680
"../../../Engine/Plugins/Runtime/OpenXR/Content/Devices/MicrosoftMixedReality/Right/right_MicrosoftMixedRealityController.uasset" 681
"../../../Engine/Plugins/Runtime/OpenXR/Content/Devices/MicrosoftMixedReality/Right/right_MicrosoftMixedRealityController.uexp" 682
"../../../Engine/Plugins/Runtime/OpenXR/Content/Devices/OculusGo/BaseTexture.uasset" 683
"../../../Engine/Plugins/Runtime/OpenXR/Content/Devices/OculusGo/BaseTexture.uexp" 684
"../../../Engine/Plugins/Runtime/OpenXR/Content/Devices/OculusGo/BaseTexture.ubulk" 685
"../../../Engine/Plugins/Runtime/OpenXR/Content/Devices/OculusGo/MI_OculusGo.uasset" 686
"../../../Engine/Plugins/Runtime/OpenXR/Content/Devices/OculusGo/MI_OculusGo.uexp" 687
"../../../Engine/Plugins/Runtime/OpenXR/Content/Devices/OculusGo/OculusGoController.uasset" 688
"../../../Engine/Plugins/Runtime/OpenXR/Content/Devices/OculusGo/OculusGoController.uexp" 689
"../../../Engine/Plugins/Runtime/OpenXR/Content/Devices/OculusTouch/MRTexture.uasset" 690
"../../../Engine/Plugins/Runtime/OpenXR/Content/Devices/OculusTouch/MRTexture.uexp" 691
"../../../Engine/Plugins/Runtime/OpenXR/Content/Devices/OculusTouch/MRTexture.ubulk" 692
"../../../Engine/Plugins/Runtime/OpenXR/Content/Devices/OculusTouch/BaseTexture.uasset" 693
"../../../Engine/Plugins/Runtime/OpenXR/Content/Devices/OculusTouch/BaseTexture.uexp" 694
"../../../Engine/Plugins/Runtime/OpenXR/Content/Devices/OculusTouch/BaseTexture.ubulk" 695
"../../../Engine/Plugins/Runtime/OpenXR/Content/Devices/OculusTouch/MI_OculusTouch.uasset" 696
"../../../Engine/Plugins/Runtime/OpenXR/Content/Devices/OculusTouch/MI_OculusTouch.uexp" 697
"../../../Engine/Plugins/Runtime/OpenXR/Content/Devices/OculusTouch/Left/left_OculusTouchController.uasset" 698
"../../../Engine/Plugins/Runtime/OpenXR/Content/Devices/OculusTouch/Left/left_OculusTouchController.uexp" 699
"../../../Engine/Plugins/Runtime/OpenXR/Content/Devices/OculusTouch/Right/right_OculusTouchController.uasset" 700
"../../../Engine/Plugins/Runtime/OpenXR/Content/Devices/OculusTouch/Right/right_OculusTouchController.uexp" 701
"../../../Engine/Plugins/Runtime/OpenXR/Content/Devices/OculusTouch_v2/MRTexture.uasset" 702
"../../../Engine/Plugins/Runtime/OpenXR/Content/Devices/OculusTouch_v2/MRTexture.uexp" 703
"../../../Engine/Plugins/Runtime/OpenXR/Content/Devices/OculusTouch_v2/MRTexture.ubulk" 704
"../../../Engine/Plugins/Runtime/OpenXR/Content/Devices/OculusTouch_v2/BaseTexture.uasset" 705
"../../../Engine/Plugins/Runtime/OpenXR/Content/Devices/OculusTouch_v2/BaseTexture.uexp" 706
"../../../Engine/Plugins/Runtime/OpenXR/Content/Devices/OculusTouch_v2/BaseTexture.ubulk" 707
"../../../Engine/Plugins/Runtime/OpenXR/Content/Devices/OculusTouch_v2/MI_OculusTouch_v2.uasset" 708
"../../../Engine/Plugins/Runtime/OpenXR/Content/Devices/OculusTouch_v2/MI_OculusTouch_v2.uexp" 709
"../../../Engine/Plugins/Runtime/OpenXR/Content/Devices/OculusTouch_v2/Left/left_OculusTouch_v2Controller.uasset" 710
"../../../Engine/Plugins/Runtime/OpenXR/Content/Devices/OculusTouch_v2/Left/left_OculusTouch_v2Controller.uexp" 711
"../../../Engine/Plugins/Runtime/OpenXR/Content/Devices/OculusTouch_v2/Right/right_OculusTouch_v2Controller.uasset" 712
"../../../Engine/Plugins/Runtime/OpenXR/Content/Devices/OculusTouch_v2/Right/right_OculusTouch_v2Controller.uexp" 713
"../../../Engine/Plugins/Runtime/OpenXR/Content/Devices/OculusTouch_v3/MRTexture.uasset" 714
"../../../Engine/Plugins/Runtime/OpenXR/Content/Devices/OculusTouch_v3/MRTexture.uexp" 715
"../../../Engine/Plugins/Runtime/OpenXR/Content/Devices/OculusTouch_v3/MRTexture.ubulk" 716
"../../../Engine/Plugins/Runtime/OpenXR/Content/Devices/OculusTouch_v3/BaseTexture.uasset" 717
"../../../Engine/Plugins/Runtime/OpenXR/Content/Devices/OculusTouch_v3/BaseTexture.uexp" 718
"../../../Engine/Plugins/Runtime/OpenXR/Content/Devices/OculusTouch_v3/BaseTexture.ubulk" 719
"../../../Engine/Plugins/Runtime/OpenXR/Content/Devices/OculusTouch_v3/MI_OculusTouch_v3.uasset" 720
"../../../Engine/Plugins/Runtime/OpenXR/Content/Devices/OculusTouch_v3/MI_OculusTouch_v3.uexp" 721
"../../../Engine/Plugins/Runtime/OpenXR/Content/Devices/OculusTouch_v3/Left/left_OculusTouch_v3Controller.uasset" 722
"../../../Engine/Plugins/Runtime/OpenXR/Content/Devices/OculusTouch_v3/Left/left_OculusTouch_v3Controller.uexp" 723
"../../../Engine/Plugins/Runtime/OpenXR/Content/Devices/OculusTouch_v3/Right/right_OculusTouch_v3Controller.uasset" 724
"../../../Engine/Plugins/Runtime/OpenXR/Content/Devices/OculusTouch_v3/Right/right_OculusTouch_v3Controller.uexp" 725
"../../../Engine/Plugins/Runtime/OpenXR/Content/Devices/ValveIndex/MRTexture.uasset" 726
"../../../Engine/Plugins/Runtime/OpenXR/Content/Devices/ValveIndex/MRTexture.uexp" 727
"../../../Engine/Plugins/Runtime/OpenXR/Content/Devices/ValveIndex/MRTexture.ubulk" 728
"../../../Engine/Plugins/Runtime/OpenXR/Content/Devices/ValveIndex/BaseTexture.uasset" 729
"../../../Engine/Plugins/Runtime/OpenXR/Content/Devices/ValveIndex/BaseTexture.uexp" 730
"../../../Engine/Plugins/Runtime/OpenXR/Content/Devices/ValveIndex/BaseTexture.ubulk" 731
"../../../Engine/Plugins/Runtime/OpenXR/Content/Devices/ValveIndex/Left/MI_left_ValveIndex.uasset" 732
"../../../Engine/Plugins/Runtime/OpenXR/Content/Devices/ValveIndex/Left/MI_left_ValveIndex.uexp" 733
"../../../Engine/Plugins/Runtime/OpenXR/Content/Devices/ValveIndex/Left/left_ValveIndexController.uasset" 734
"../../../Engine/Plugins/Runtime/OpenXR/Content/Devices/ValveIndex/Left/left_ValveIndexController.uexp" 735
"../../../Engine/Plugins/Runtime/OpenXR/Content/Devices/ValveIndex/Right/MI_right_ValveIndex.uasset" 736
"../../../Engine/Plugins/Runtime/OpenXR/Content/Devices/ValveIndex/Right/MI_right_ValveIndex.uexp" 737
"../../../Engine/Plugins/Runtime/OpenXR/Content/Devices/ValveIndex/Right/right_ValveIndexController.uasset" 738
"../../../Engine/Plugins/Runtime/OpenXR/Content/Devices/ValveIndex/Right/right_ValveIndexController.uexp" 739
"../../../Engine/Content/Functions/Engine_MaterialFunctions02/Utility/VectorLength.uasset" 740
"../../../Engine/Content/Functions/Engine_MaterialFunctions02/Utility/VectorLength.uexp" 741
"../../../Engine/Content/Functions/Engine_MaterialFunctions02/ObjectLocalBounds.uasset" 742
"../../../Engine/Content/Functions/Engine_MaterialFunctions02/ObjectLocalBounds.uexp" 743
"../../../Engine/Content/Functions/Engine_MaterialFunctions02/WorldPositionOffset/ObjectScale.uasset" 744
"../../../Engine/Content/Functions/Engine_MaterialFunctions02/WorldPositionOffset/ObjectScale.uexp" 745
"../../../Engine/Content/Functions/Engine_MaterialFunctions02/Utility/BreakOutFloat3Components.uasset" 746
"../../../Engine/Content/Functions/Engine_MaterialFunctions02/Utility/BreakOutFloat3Components.uexp" 747
"../../../Engine/Plugins/Editor/SpeedTreeImporter/Content/SpeedTree9/UnpackInteger3.uasset" 748
"../../../Engine/Plugins/Editor/SpeedTreeImporter/Content/SpeedTree9/UnpackInteger3.uexp" 749
"../../../Engine/Plugins/Editor/SpeedTreeImporter/Content/SpeedTree9/UnpackDirection.uasset" 750
"../../../Engine/Plugins/Editor/SpeedTreeImporter/Content/SpeedTree9/UnpackDirection.uexp" 751
"../../../Engine/Plugins/Editor/SpeedTreeImporter/Content/SpeedTree9/game_wind_noise.uasset" 752
"../../../Engine/Plugins/Editor/SpeedTreeImporter/Content/SpeedTree9/game_wind_noise.uexp" 753
"../../../Engine/Plugins/Editor/SpeedTreeImporter/Content/SpeedTree9/game_wind_noise.ubulk" 754
"../../../Engine/Content/Functions/Engine_MaterialFunctions02/SafeNormalize.uasset" 755
"../../../Engine/Content/Functions/Engine_MaterialFunctions02/SafeNormalize.uexp" 756
"../../../Engine/Plugins/Editor/SpeedTreeImporter/Content/SpeedTree9/SpeedTreeWindMotion.uasset" 757
"../../../Engine/Plugins/Editor/SpeedTreeImporter/Content/SpeedTree9/SpeedTreeWindMotion.uexp" 758
"../../../Engine/Plugins/Editor/SpeedTreeImporter/Content/SpeedTree9/SpeedTreeBranchMotion.uasset" 759
"../../../Engine/Plugins/Editor/SpeedTreeImporter/Content/SpeedTree9/SpeedTreeBranchMotion.uexp" 760
"../../../Engine/Content/Functions/Engine_MaterialFunctions02/UVs/BoundingBoxBased_0-1_UVW.uasset" 761
"../../../Engine/Content/Functions/Engine_MaterialFunctions02/UVs/BoundingBoxBased_0-1_UVW.uexp" 762
"../../../Engine/Plugins/Editor/SpeedTreeImporter/Content/SpeedTree9/SpeedTreeWind.uasset" 763
"../../../Engine/Plugins/Editor/SpeedTreeImporter/Content/SpeedTree9/SpeedTreeWind.uexp" 764
"../../../Engine/Plugins/Editor/SpeedTreeImporter/Content/SpeedTree9/SpeedTreeBillboard.uasset" 765
"../../../Engine/Plugins/Editor/SpeedTreeImporter/Content/SpeedTree9/SpeedTreeBillboard.uexp" 766
"../../../Engine/Plugins/Editor/SpeedTreeImporter/Content/SpeedTree9/EmptyNormal.uasset" 767
"../../../Engine/Plugins/Editor/SpeedTreeImporter/Content/SpeedTree9/EmptyNormal.uexp" 768
"../../../Engine/Plugins/Editor/SpeedTreeImporter/Content/SpeedTree9/Empty.uasset" 769
"../../../Engine/Plugins/Editor/SpeedTreeImporter/Content/SpeedTree9/Empty.uexp" 770
"../../../Engine/Plugins/Editor/SpeedTreeImporter/Content/SpeedTree9/SpeedTreeBillboardMaster.uasset" 771
"../../../Engine/Plugins/Editor/SpeedTreeImporter/Content/SpeedTree9/SpeedTreeBillboardMaster.uexp" 772
"../../../Engine/Plugins/Editor/SpeedTreeImporter/Content/SpeedTree9/SpeedTreeCameraFacing.uasset" 773
"../../../Engine/Plugins/Editor/SpeedTreeImporter/Content/SpeedTree9/SpeedTreeCameraFacing.uexp" 774
"../../../Engine/Plugins/Editor/SpeedTreeImporter/Content/SpeedTree9/SpeedTreeMaster.uasset" 775
"../../../Engine/Plugins/Editor/SpeedTreeImporter/Content/SpeedTree9/SpeedTreeMaster.uexp" 776
"../../../Engine/Content/Functions/Engine_MaterialFunctions02/Utility/BreakOutFloat4Components.uasset" 777
"../../../Engine/Content/Functions/Engine_MaterialFunctions02/Utility/BreakOutFloat4Components.uexp" 778
"../../../Engine/Content/Functions/Engine_MaterialFunctions02/Utility/MakeFloat3.uasset" 779
"../../../Engine/Content/Functions/Engine_MaterialFunctions02/Utility/MakeFloat3.uexp" 780
"../../../Engine/Plugins/Runtime/Oculus/OculusVR/Content/Materials/OculusMR_ChromaKey.uasset" 781
"../../../Engine/Plugins/Runtime/Oculus/OculusVR/Content/Materials/OculusMR_ChromaKey.uexp" 782
"../../../Engine/Plugins/Runtime/Oculus/OculusVR/Content/Materials/OculusMR_OpaqueColoredMaterial.uasset" 783
"../../../Engine/Plugins/Runtime/Oculus/OculusVR/Content/Materials/OculusMR_OpaqueColoredMaterial.uexp" 784
"../../../Engine/Plugins/Runtime/Oculus/OculusVR/Content/Materials/PokeAHoleMaterial.uasset" 785
"../../../Engine/Plugins/Runtime/Oculus/OculusVR/Content/Materials/PokeAHoleMaterial.uexp" 786
"../../../Engine/Plugins/Runtime/Oculus/OculusVR/Content/Textures/touchController_controlmap.uasset" 787
"../../../Engine/Plugins/Runtime/Oculus/OculusVR/Content/Textures/touchController_controlmap.uexp" 788
"../../../Engine/Plugins/Runtime/Oculus/OculusVR/Content/Textures/touchController_controlmap.ubulk" 789
"../../../Engine/Plugins/Runtime/Oculus/OculusVR/Content/Textures/touchController_albedo.uasset" 790
"../../../Engine/Plugins/Runtime/Oculus/OculusVR/Content/Textures/touchController_albedo.uexp" 791
"../../../Engine/Plugins/Runtime/Oculus/OculusVR/Content/Textures/touchController_albedo.ubulk" 792
"../../../Engine/Plugins/Runtime/Oculus/OculusVR/Content/Materials/touchController_mat.uasset" 793
"../../../Engine/Plugins/Runtime/Oculus/OculusVR/Content/Materials/touchController_mat.uexp" 794
"../../../Engine/Plugins/Runtime/Oculus/OculusVR/Content/Meshes/LeftTouchController.uasset" 795
"../../../Engine/Plugins/Runtime/Oculus/OculusVR/Content/Meshes/LeftTouchController.uexp" 796
"../../../Engine/Plugins/Runtime/Oculus/OculusVR/Content/Textures/TouchForQuestRiftSController_albedo.uasset" 797
"../../../Engine/Plugins/Runtime/Oculus/OculusVR/Content/Textures/TouchForQuestRiftSController_albedo.uexp" 798
"../../../Engine/Plugins/Runtime/Oculus/OculusVR/Content/Textures/TouchForQuestRiftSController_albedo.ubulk" 799
"../../../Engine/Plugins/Runtime/Oculus/OculusVR/Content/Materials/TouchForQuestRiftSControllerMaterial.uasset" 800
"../../../Engine/Plugins/Runtime/Oculus/OculusVR/Content/Materials/TouchForQuestRiftSControllerMaterial.uexp" 801
"../../../Engine/Plugins/Runtime/Oculus/OculusVR/Content/Meshes/LeftTouchForQuestRiftSController.uasset" 802
"../../../Engine/Plugins/Runtime/Oculus/OculusVR/Content/Meshes/LeftTouchForQuestRiftSController.uexp" 803
"../../../Engine/Plugins/Runtime/Oculus/OculusVR/Content/Meshes/RiftHMD.uasset" 804
"../../../Engine/Plugins/Runtime/Oculus/OculusVR/Content/Meshes/RiftHMD.uexp" 805
"../../../Engine/Plugins/Runtime/Oculus/OculusVR/Content/Meshes/RightTouchController.uasset" 806
"../../../Engine/Plugins/Runtime/Oculus/OculusVR/Content/Meshes/RightTouchController.uexp" 807
"../../../Engine/Plugins/Runtime/Oculus/OculusVR/Content/Meshes/RightTouchForQuestRiftSController.uasset" 808
"../../../Engine/Plugins/Runtime/Oculus/OculusVR/Content/Meshes/RightTouchForQuestRiftSController.uexp" 809
"../../../Engine/Content/EngineSky/T_Sky_Stars.uasset" 810
"../../../Engine/Content/EngineSky/T_Sky_Stars.uexp" 811
"../../../Engine/Content/EngineSky/T_Sky_Stars.ubulk" 812
"../../../Engine/Content/EngineSky/T_Sky_Clouds_M.uasset" 813
"../../../Engine/Content/EngineSky/T_Sky_Clouds_M.uexp" 814
"../../../Engine/Content/EngineSky/T_Sky_Clouds_M.ubulk" 815
"../../../Engine/Content/EngineSky/T_Sky_Blue.uasset" 816
"../../../Engine/Content/EngineSky/T_Sky_Blue.uexp" 817
"../../../Engine/Content/EngineSky/T_Sky_Blue.ubulk" 818
"../../../Engine/Content/EngineSky/M_Sky_Panning_Clouds2.uasset" 819
"../../../Engine/Content/EngineSky/M_Sky_Panning_Clouds2.uexp" 820
"D:/Projects/Unreal Engine/Middle UE4 Course/Blueprints/Friends/Content/ThirdPersonBP/Maps/FriendsGameMap_BuiltData.uasset" 821
"D:/Projects/Unreal Engine/Middle UE4 Course/Blueprints/Friends/Content/ThirdPersonBP/Maps/FriendsGameMap_BuiltData.uexp" 822
"D:/Projects/Unreal Engine/Middle UE4 Course/Blueprints/Friends/Content/ThirdPersonBP/Maps/FriendsGameMap_BuiltData.ubulk" 823
"../../../Engine/Content/EngineSky/SM_SkySphere.uasset" 824
"../../../Engine/Content/EngineSky/SM_SkySphere.uexp" 825
"../../../Engine/Content/EngineSky/C_Sky_Zenith_Color.uasset" 826
"../../../Engine/Content/EngineSky/C_Sky_Zenith_Color.uexp" 827
"../../../Engine/Content/EngineSky/C_Sky_Horizon_Color.uasset" 828
"../../../Engine/Content/EngineSky/C_Sky_Horizon_Color.uexp" 829
"../../../Engine/Content/EngineSky/C_Sky_Cloud_Color.uasset" 830
"../../../Engine/Content/EngineSky/C_Sky_Cloud_Color.uexp" 831
"../../../Engine/Content/EngineSky/BP_Sky_Sphere.uasset" 832
"../../../Engine/Content/EngineSky/BP_Sky_Sphere.uexp" 833
"D:/Projects/Unreal Engine/Middle UE4 Course/Blueprints/Friends/Content/ThirdPersonBP/Characters/AI/EQS/EQSTest.uasset" 834
"D:/Projects/Unreal Engine/Middle UE4 Course/Blueprints/Friends/Content/ThirdPersonBP/Characters/AI/EQS/EQSTest.uexp" 835
"D:/Projects/Unreal Engine/Middle UE4 Course/Blueprints/Friends/Content/ThirdPerson/Meshes/RampMaterial.uasset" 836
"D:/Projects/Unreal Engine/Middle UE4 Course/Blueprints/Friends/Content/ThirdPerson/Meshes/RampMaterial.uexp" 837
"D:/Projects/Unreal Engine/Middle UE4 Course/Blueprints/Friends/Content/ThirdPerson/Meshes/RightArm_StaticMesh.uasset" 838
"D:/Projects/Unreal Engine/Middle UE4 Course/Blueprints/Friends/Content/ThirdPerson/Meshes/RightArm_StaticMesh.uexp" 839
"D:/Projects/Unreal Engine/Middle UE4 Course/Blueprints/Friends/Content/ThirdPerson/Meshes/Ramp_StaticMesh.uasset" 840
"D:/Projects/Unreal Engine/Middle UE4 Course/Blueprints/Friends/Content/ThirdPerson/Meshes/Ramp_StaticMesh.uexp" 841
"D:/Projects/Unreal Engine/Middle UE4 Course/Blueprints/Friends/Content/ThirdPerson/Meshes/Linear_Stair_StaticMesh.uasset" 842
"D:/Projects/Unreal Engine/Middle UE4 Course/Blueprints/Friends/Content/ThirdPerson/Meshes/Linear_Stair_StaticMesh.uexp" 843
"D:/Projects/Unreal Engine/Middle UE4 Course/Blueprints/Friends/Content/ThirdPerson/Meshes/LeftArm_StaticMesh.uasset" 844
"D:/Projects/Unreal Engine/Middle UE4 Course/Blueprints/Friends/Content/ThirdPerson/Meshes/LeftArm_StaticMesh.uexp" 845
"D:/Projects/Unreal Engine/Middle UE4 Course/Blueprints/Friends/Content/ThirdPerson/Meshes/Bump_StaticMesh.uasset" 846
"D:/Projects/Unreal Engine/Middle UE4 Course/Blueprints/Friends/Content/ThirdPerson/Meshes/Bump_StaticMesh.uexp" 847
"D:/Projects/Unreal Engine/Middle UE4 Course/Blueprints/Friends/Content/Geometry/Meshes/CubeMaterial.uasset" 848
"D:/Projects/Unreal Engine/Middle UE4 Course/Blueprints/Friends/Content/Geometry/Meshes/CubeMaterial.uexp" 849
"D:/Projects/Unreal Engine/Middle UE4 Course/Blueprints/Friends/Content/Geometry/Meshes/TemplateFloor.uasset" 850
"D:/Projects/Unreal Engine/Middle UE4 Course/Blueprints/Friends/Content/Geometry/Meshes/TemplateFloor.uexp" 851
"D:/Projects/Unreal Engine/Middle UE4 Course/Blueprints/Friends/Content/Geometry/Meshes/1M_Cube_Chamfer.uasset" 852
"D:/Projects/Unreal Engine/Middle UE4 Course/Blueprints/Friends/Content/Geometry/Meshes/1M_Cube_Chamfer.uexp" 853
"D:/Projects/Unreal Engine/Middle UE4 Course/Blueprints/Friends/Content/Geometry/Meshes/1M_Cube.uasset" 854
"D:/Projects/Unreal Engine/Middle UE4 Course/Blueprints/Friends/Content/Geometry/Meshes/1M_Cube.uexp" 855
"D:/Projects/Unreal Engine/Middle UE4 Course/Blueprints/Friends/Content/ThirdPersonBP/Maps/FriendsGameMap.uexp" 856
"D:/Projects/Unreal Engine/Middle UE4 Course/Blueprints/Friends/Content/ThirdPersonBP/Maps/FriendsGameMap.umap" 857
"D:/Projects/Unreal Engine/Middle UE4 Course/Blueprints/Friends/Content/ThirdPersonBP/Blueprints/Matchmaking/MatchmakingGameMode.uasset" 858
"D:/Projects/Unreal Engine/Middle UE4 Course/Blueprints/Friends/Content/ThirdPersonBP/Blueprints/Matchmaking/MatchmakingGameMode.uexp" 859
"D:/Projects/Unreal Engine/Middle UE4 Course/Blueprints/Friends/Content/ThirdPersonBP/Maps/MatchmakingLobby_BuiltData.uasset" 860
"D:/Projects/Unreal Engine/Middle UE4 Course/Blueprints/Friends/Content/ThirdPersonBP/Maps/MatchmakingLobby_BuiltData.uexp" 861
"D:/Projects/Unreal Engine/Middle UE4 Course/Blueprints/Friends/Content/ThirdPersonBP/Maps/MatchmakingLobby.uexp" 862
"D:/Projects/Unreal Engine/Middle UE4 Course/Blueprints/Friends/Content/ThirdPersonBP/Maps/MatchmakingLobby.umap" 863
